{"/home/travis/build/npmtest/node-npmtest-salient/test.js":{"path":"/home/travis/build/npmtest/node-npmtest-salient/test.js","s":{"1":2,"2":2,"3":2,"4":2,"5":2,"6":2,"7":2,"8":1,"9":2,"10":2,"11":1,"12":1,"13":1,"14":1,"15":2,"16":2,"17":2,"18":2,"19":1,"20":1,"21":2,"22":2,"23":2,"24":1,"25":1,"26":1,"27":1,"28":1,"29":1,"30":1,"31":1,"32":1,"33":1,"34":1,"35":1,"36":1,"37":1,"38":1,"39":2,"40":2,"41":1,"42":2,"43":2,"44":1,"45":2,"46":2,"47":1,"48":2,"49":2,"50":1,"51":1,"52":1,"53":1,"54":1},"b":{"1":[2,1,1,1],"2":[1,1,1,1],"3":[1,1],"4":[1,1],"5":[1,1],"6":[1,1],"7":[1,1],"8":[1,1],"9":[1,1],"10":[1,1,1],"11":[1,1],"12":[1,1],"13":[1,1],"14":[1,1],"15":[1,1],"16":[1,1],"17":[1,1]},"f":{"1":2,"2":2,"3":2,"4":2,"5":2,"6":1,"7":1,"8":1,"9":2,"10":2,"11":2,"12":2,"13":1},"fnMap":{"1":{"name":"(anonymous_1)","line":12,"loc":{"start":{"line":12,"column":1},"end":{"line":12,"column":13}}},"2":{"name":"(anonymous_2)","line":19,"loc":{"start":{"line":19,"column":5},"end":{"line":19,"column":17}}},"3":{"name":"(anonymous_3)","line":23,"loc":{"start":{"line":23,"column":24},"end":{"line":23,"column":36}}},"4":{"name":"(anonymous_4)","line":61,"loc":{"start":{"line":61,"column":5},"end":{"line":61,"column":17}}},"5":{"name":"(anonymous_5)","line":82,"loc":{"start":{"line":82,"column":5},"end":{"line":82,"column":17}}},"6":{"name":"(anonymous_6)","line":91,"loc":{"start":{"line":91,"column":77},"end":{"line":94,"column":10}}},"7":{"name":"(anonymous_7)","line":112,"loc":{"start":{"line":112,"column":83},"end":{"line":115,"column":10}},"skip":true},"8":{"name":"(anonymous_8)","line":123,"loc":{"start":{"line":123,"column":77},"end":{"line":126,"column":10}},"skip":true},"9":{"name":"(anonymous_9)","line":139,"loc":{"start":{"line":139,"column":12},"end":{"line":139,"column":40}},"skip":true},"10":{"name":"(anonymous_10)","line":147,"loc":{"start":{"line":147,"column":77},"end":{"line":150,"column":10}},"skip":true},"11":{"name":"(anonymous_11)","line":158,"loc":{"start":{"line":158,"column":83},"end":{"line":161,"column":10}},"skip":true},"12":{"name":"(anonymous_12)","line":169,"loc":{"start":{"line":169,"column":79},"end":{"line":172,"column":10}},"skip":true},"13":{"name":"(anonymous_13)","line":180,"loc":{"start":{"line":180,"column":75},"end":{"line":183,"column":10}},"skip":true}},"statementMap":{"1":{"start":{"line":12,"column":0},"end":{"line":195,"column":5}},"2":{"start":{"line":14,"column":4},"end":{"line":14,"column":14}},"3":{"start":{"line":19,"column":4},"end":{"line":56,"column":9}},"4":{"start":{"line":21,"column":8},"end":{"line":21,"column":19}},"5":{"start":{"line":23,"column":8},"end":{"line":35,"column":13}},"6":{"start":{"line":24,"column":12},"end":{"line":34,"column":13}},"7":{"start":{"line":25,"column":16},"end":{"line":28,"column":30}},"8":{"start":{"line":30,"column":16},"end":{"line":33,"column":27}},"9":{"start":{"line":37,"column":8},"end":{"line":39,"column":21}},"10":{"start":{"line":40,"column":8},"end":{"line":53,"column":9}},"11":{"start":{"line":43,"column":12},"end":{"line":46,"column":14}},"12":{"start":{"line":47,"column":12},"end":{"line":47,"column":18}},"13":{"start":{"line":50,"column":12},"end":{"line":51,"column":46}},"14":{"start":{"line":52,"column":12},"end":{"line":52,"column":18}},"15":{"start":{"line":55,"column":8},"end":{"line":55,"column":35}},"16":{"start":{"line":61,"column":4},"end":{"line":63,"column":9}},"17":{"start":{"line":62,"column":8},"end":{"line":62,"column":15}},"18":{"start":{"line":64,"column":4},"end":{"line":77,"column":5}},"19":{"start":{"line":70,"column":8},"end":{"line":70,"column":14}},"20":{"start":{"line":76,"column":8},"end":{"line":76,"column":14}},"21":{"start":{"line":82,"column":4},"end":{"line":84,"column":9}},"22":{"start":{"line":83,"column":8},"end":{"line":83,"column":15}},"23":{"start":{"line":85,"column":4},"end":{"line":194,"column":5}},"24":{"start":{"line":91,"column":8},"end":{"line":99,"column":10}},"25":{"start":{"line":98,"column":12},"end":{"line":98,"column":35}},"26":{"start":{"line":102,"column":8},"end":{"line":104,"column":63}},"27":{"start":{"line":105,"column":8},"end":{"line":105,"column":14}},"28":{"start":{"line":112,"column":8},"end":{"line":121,"column":10},"skip":true},"29":{"start":{"line":119,"column":12},"end":{"line":119,"column":55},"skip":true},"30":{"start":{"line":120,"column":12},"end":{"line":120,"column":48},"skip":true},"31":{"start":{"line":123,"column":8},"end":{"line":136,"column":10},"skip":true},"32":{"start":{"line":130,"column":12},"end":{"line":130,"column":76},"skip":true},"33":{"start":{"line":131,"column":12},"end":{"line":131,"column":73},"skip":true},"34":{"start":{"line":132,"column":12},"end":{"line":132,"column":74},"skip":true},"35":{"start":{"line":133,"column":12},"end":{"line":133,"column":79},"skip":true},"36":{"start":{"line":134,"column":12},"end":{"line":134,"column":25},"skip":true},"37":{"start":{"line":135,"column":12},"end":{"line":135,"column":45},"skip":true},"38":{"start":{"line":138,"column":8},"end":{"line":145,"column":14},"skip":true},"39":{"start":{"line":143,"column":16},"end":{"line":143,"column":29},"skip":true},"40":{"start":{"line":144,"column":16},"end":{"line":144,"column":55},"skip":true},"41":{"start":{"line":147,"column":8},"end":{"line":156,"column":10},"skip":true},"42":{"start":{"line":154,"column":12},"end":{"line":154,"column":25},"skip":true},"43":{"start":{"line":155,"column":12},"end":{"line":155,"column":45},"skip":true},"44":{"start":{"line":158,"column":8},"end":{"line":167,"column":10},"skip":true},"45":{"start":{"line":165,"column":12},"end":{"line":165,"column":25},"skip":true},"46":{"start":{"line":166,"column":12},"end":{"line":166,"column":48},"skip":true},"47":{"start":{"line":169,"column":8},"end":{"line":178,"column":10},"skip":true},"48":{"start":{"line":176,"column":12},"end":{"line":176,"column":25},"skip":true},"49":{"start":{"line":177,"column":12},"end":{"line":177,"column":46},"skip":true},"50":{"start":{"line":180,"column":8},"end":{"line":189,"column":10},"skip":true},"51":{"start":{"line":187,"column":12},"end":{"line":187,"column":94},"skip":true},"52":{"start":{"line":188,"column":12},"end":{"line":188,"column":48},"skip":true},"53":{"start":{"line":192,"column":8},"end":{"line":192,"column":35},"skip":true},"54":{"start":{"line":193,"column":8},"end":{"line":193,"column":14},"skip":true}},"branchMap":{"1":{"line":25,"type":"binary-expr","locations":[{"start":{"line":25,"column":23},"end":{"line":25,"column":62}},{"start":{"line":26,"column":20},"end":{"line":26,"column":70}},{"start":{"line":27,"column":20},"end":{"line":27,"column":71}},{"start":{"line":28,"column":20},"end":{"line":28,"column":29}}]},"2":{"line":30,"type":"binary-expr","locations":[{"start":{"line":30,"column":23},"end":{"line":30,"column":37}},{"start":{"line":31,"column":20},"end":{"line":31,"column":61}},{"start":{"line":32,"column":20},"end":{"line":32,"column":70}},{"start":{"line":33,"column":20},"end":{"line":33,"column":26}}]},"3":{"line":37,"type":"cond-expr","locations":[{"start":{"line":38,"column":14},"end":{"line":38,"column":20}},{"start":{"line":39,"column":14},"end":{"line":39,"column":20}}]},"4":{"line":40,"type":"switch","locations":[{"start":{"line":42,"column":8},"end":{"line":47,"column":18}},{"start":{"line":49,"column":8},"end":{"line":52,"column":18}}]},"5":{"line":44,"type":"binary-expr","locations":[{"start":{"line":44,"column":16},"end":{"line":44,"column":44}},{"start":{"line":44,"column":48},"end":{"line":44,"column":66}}]},"6":{"line":50,"type":"binary-expr","locations":[{"start":{"line":50,"column":21},"end":{"line":50,"column":49}},{"start":{"line":50,"column":53},"end":{"line":50,"column":72}}]},"7":{"line":64,"type":"switch","locations":[{"start":{"line":69,"column":4},"end":{"line":70,"column":14}},{"start":{"line":75,"column":4},"end":{"line":76,"column":14}}]},"8":{"line":85,"type":"switch","locations":[{"start":{"line":90,"column":4},"end":{"line":105,"column":14}},{"start":{"line":111,"column":4},"end":{"line":193,"column":14},"skip":true}]},"9":{"line":91,"type":"binary-expr","locations":[{"start":{"line":91,"column":42},"end":{"line":91,"column":73}},{"start":{"line":91,"column":77},"end":{"line":99,"column":9}}]},"10":{"line":102,"type":"binary-expr","locations":[{"start":{"line":102,"column":18},"end":{"line":102,"column":32}},{"start":{"line":103,"column":12},"end":{"line":103,"column":53}},{"start":{"line":104,"column":12},"end":{"line":104,"column":61}}]},"11":{"line":112,"type":"binary-expr","locations":[{"start":{"line":112,"column":45},"end":{"line":112,"column":79},"skip":true},{"start":{"line":112,"column":83},"end":{"line":121,"column":9},"skip":true}]},"12":{"line":123,"type":"binary-expr","locations":[{"start":{"line":123,"column":42},"end":{"line":123,"column":73},"skip":true},{"start":{"line":123,"column":77},"end":{"line":136,"column":9},"skip":true}]},"13":{"line":138,"type":"binary-expr","locations":[{"start":{"line":138,"column":48},"end":{"line":138,"column":85},"skip":true},{"start":{"line":139,"column":12},"end":{"line":145,"column":13},"skip":true}]},"14":{"line":147,"type":"binary-expr","locations":[{"start":{"line":147,"column":42},"end":{"line":147,"column":73},"skip":true},{"start":{"line":147,"column":77},"end":{"line":156,"column":9},"skip":true}]},"15":{"line":158,"type":"binary-expr","locations":[{"start":{"line":158,"column":45},"end":{"line":158,"column":79},"skip":true},{"start":{"line":158,"column":83},"end":{"line":167,"column":9},"skip":true}]},"16":{"line":169,"type":"binary-expr","locations":[{"start":{"line":169,"column":43},"end":{"line":169,"column":75},"skip":true},{"start":{"line":169,"column":79},"end":{"line":178,"column":9},"skip":true}]},"17":{"line":180,"type":"binary-expr","locations":[{"start":{"line":180,"column":41},"end":{"line":180,"column":71},"skip":true},{"start":{"line":180,"column":75},"end":{"line":189,"column":9},"skip":true}]}},"code":["/* istanbul instrument in package npmtest_salient */","/*jslint","    bitwise: true,","    browser: true,","    maxerr: 8,","    maxlen: 96,","    node: true,","    nomen: true,","    regexp: true,","    stupid: true","*/","(function () {","    'use strict';","    var local;","","","","    // run shared js-env code - pre-init","    (function () {","        // init local","        local = {};","        // init modeJs","        local.modeJs = (function () {","            try {","                return typeof navigator.userAgent === 'string' &&","                    typeof document.querySelector('body') === 'object' &&","                    typeof XMLHttpRequest.prototype.open === 'function' &&","                    'browser';","            } catch (errorCaughtBrowser) {","                return module.exports &&","                    typeof process.versions.node === 'string' &&","                    typeof require('http').createServer === 'function' &&","                    'node';","            }","        }());","        // init global","        local.global = local.modeJs === 'browser'","            ? window","            : global;","        switch (local.modeJs) {","        // re-init local from window.local","        case 'browser':","            local = local.global.utility2.objectSetDefault(","                local.global.utility2_rollup || local.global.local,","                local.global.utility2","            );","            break;","        // re-init local from example.js","        case 'node':","            local = (local.global.utility2_rollup || require('utility2'))","                .requireExampleJsFromReadme();","            break;","        }","        // export local","        local.global.local = local;","    }());","","","","    // run shared js-env code - function","    (function () {","        return;","    }());","    switch (local.modeJs) {","","","","    // run browser js-env code - function","    case 'browser':","        break;","","","","    // run node js-env code - function","    case 'node':","        break;","    }","","","","    // run shared js-env code - post-init","    (function () {","        return;","    }());","    switch (local.modeJs) {","","","","    // run browser js-env code - post-init","    case 'browser':","        local.testCase_browser_nullCase = local.testCase_browser_nullCase || function (","            options,","            onError","        ) {","        /*","         * this function will test browsers's null-case handling-behavior-behavior","         */","            onError(null, options);","        };","","        // run tests","        local.nop(local.modeTest &&","            document.querySelector('#testRunButton1') &&","            document.querySelector('#testRunButton1').click());","        break;","","","","    // run node js-env code - post-init","    /* istanbul ignore next */","    case 'node':","        local.testCase_buildApidoc_default = local.testCase_buildApidoc_default || function (","            options,","            onError","        ) {","        /*","         * this function will test buildApidoc's default handling-behavior-behavior","         */","            options = { modulePathList: module.paths };","            local.buildApidoc(options, onError);","        };","","        local.testCase_buildApp_default = local.testCase_buildApp_default || function (","            options,","            onError","        ) {","        /*","         * this function will test buildApp's default handling-behavior-behavior","         */","            local.testCase_buildReadme_default(options, local.onErrorThrow);","            local.testCase_buildLib_default(options, local.onErrorThrow);","            local.testCase_buildTest_default(options, local.onErrorThrow);","            local.testCase_buildCustomOrg_default(options, local.onErrorThrow);","            options = [];","            local.buildApp(options, onError);","        };","","        local.testCase_buildCustomOrg_default = local.testCase_buildCustomOrg_default ||","            function (options, onError) {","            /*","             * this function will test buildCustomOrg's default handling-behavior","             */","                options = {};","                local.buildCustomOrg(options, onError);","            };","","        local.testCase_buildLib_default = local.testCase_buildLib_default || function (","            options,","            onError","        ) {","        /*","         * this function will test buildLib's default handling-behavior","         */","            options = {};","            local.buildLib(options, onError);","        };","","        local.testCase_buildReadme_default = local.testCase_buildReadme_default || function (","            options,","            onError","        ) {","        /*","         * this function will test buildReadme's default handling-behavior-behavior","         */","            options = {};","            local.buildReadme(options, onError);","        };","","        local.testCase_buildTest_default = local.testCase_buildTest_default || function (","            options,","            onError","        ) {","        /*","         * this function will test buildTest's default handling-behavior","         */","            options = {};","            local.buildTest(options, onError);","        };","","        local.testCase_webpage_default = local.testCase_webpage_default || function (","            options,","            onError","        ) {","        /*","         * this function will test webpage's default handling-behavior","         */","            options = { modeCoverageMerge: true, url: local.serverLocalHost + '?modeTest=1' };","            local.browserTest(options, onError);","        };","","        // run test-server","        local.testRunServer(local);","        break;","    }","}());",""],"l":{"12":2,"14":2,"19":2,"21":2,"23":2,"24":2,"25":2,"30":1,"37":2,"40":2,"43":1,"47":1,"50":1,"52":1,"55":2,"61":2,"62":2,"64":2,"70":1,"76":1,"82":2,"83":2,"85":2,"91":1,"98":1,"102":1,"105":1,"112":1,"119":1,"120":1,"123":1,"130":1,"131":1,"132":1,"133":1,"134":1,"135":1,"138":1,"143":2,"144":2,"147":1,"154":2,"155":2,"158":1,"165":2,"166":2,"169":1,"176":2,"177":2,"180":1,"187":1,"188":1,"192":1,"193":1}},"/home/travis/build/npmtest/node-npmtest-salient/lib.npmtest_salient.js":{"path":"/home/travis/build/npmtest/node-npmtest-salient/lib.npmtest_salient.js","s":{"1":2,"2":2,"3":2,"4":2,"5":2,"6":2,"7":2,"8":1,"9":2,"10":2,"11":2,"12":2,"13":1,"14":1,"15":1,"16":1},"b":{"1":[2,1,1,1],"2":[1,1,1,1],"3":[1,1],"4":[2,2],"5":[1,1]},"f":{"1":2,"2":2,"3":2},"fnMap":{"1":{"name":"(anonymous_1)","line":12,"loc":{"start":{"line":12,"column":1},"end":{"line":12,"column":13}}},"2":{"name":"(anonymous_2)","line":19,"loc":{"start":{"line":19,"column":5},"end":{"line":19,"column":17}}},"3":{"name":"(anonymous_3)","line":23,"loc":{"start":{"line":23,"column":24},"end":{"line":23,"column":36}}}},"statementMap":{"1":{"start":{"line":12,"column":0},"end":{"line":53,"column":5}},"2":{"start":{"line":14,"column":4},"end":{"line":14,"column":14}},"3":{"start":{"line":19,"column":4},"end":{"line":52,"column":9}},"4":{"start":{"line":21,"column":8},"end":{"line":21,"column":19}},"5":{"start":{"line":23,"column":8},"end":{"line":35,"column":13}},"6":{"start":{"line":24,"column":12},"end":{"line":34,"column":13}},"7":{"start":{"line":25,"column":16},"end":{"line":28,"column":30}},"8":{"start":{"line":30,"column":16},"end":{"line":33,"column":27}},"9":{"start":{"line":37,"column":8},"end":{"line":39,"column":21}},"10":{"start":{"line":41,"column":8},"end":{"line":41,"column":54}},"11":{"start":{"line":43,"column":8},"end":{"line":43,"column":52}},"12":{"start":{"line":45,"column":8},"end":{"line":51,"column":9}},"13":{"start":{"line":46,"column":12},"end":{"line":46,"column":58}},"14":{"start":{"line":48,"column":12},"end":{"line":48,"column":35}},"15":{"start":{"line":49,"column":12},"end":{"line":49,"column":49}},"16":{"start":{"line":50,"column":12},"end":{"line":50,"column":43}}},"branchMap":{"1":{"line":25,"type":"binary-expr","locations":[{"start":{"line":25,"column":23},"end":{"line":25,"column":62}},{"start":{"line":26,"column":20},"end":{"line":26,"column":70}},{"start":{"line":27,"column":20},"end":{"line":27,"column":71}},{"start":{"line":28,"column":20},"end":{"line":28,"column":29}}]},"2":{"line":30,"type":"binary-expr","locations":[{"start":{"line":30,"column":23},"end":{"line":30,"column":37}},{"start":{"line":31,"column":20},"end":{"line":31,"column":61}},{"start":{"line":32,"column":20},"end":{"line":32,"column":70}},{"start":{"line":33,"column":20},"end":{"line":33,"column":26}}]},"3":{"line":37,"type":"cond-expr","locations":[{"start":{"line":38,"column":14},"end":{"line":38,"column":20}},{"start":{"line":39,"column":14},"end":{"line":39,"column":20}}]},"4":{"line":41,"type":"binary-expr","locations":[{"start":{"line":41,"column":16},"end":{"line":41,"column":44}},{"start":{"line":41,"column":48},"end":{"line":41,"column":53}}]},"5":{"line":45,"type":"if","locations":[{"start":{"line":45,"column":8},"end":{"line":45,"column":8}},{"start":{"line":45,"column":8},"end":{"line":45,"column":8}}]}},"code":["/* istanbul instrument in package npmtest_salient */","/*jslint","    bitwise: true,","    browser: true,","    maxerr: 8,","    maxlen: 96,","    node: true,","    nomen: true,","    regexp: true,","    stupid: true","*/","(function () {","    'use strict';","    var local;","","","","    // run shared js-env code - pre-init","    (function () {","        // init local","        local = {};","        // init modeJs","        local.modeJs = (function () {","            try {","                return typeof navigator.userAgent === 'string' &&","                    typeof document.querySelector('body') === 'object' &&","                    typeof XMLHttpRequest.prototype.open === 'function' &&","                    'browser';","            } catch (errorCaughtBrowser) {","                return module.exports &&","                    typeof process.versions.node === 'string' &&","                    typeof require('http').createServer === 'function' &&","                    'node';","            }","        }());","        // init global","        local.global = local.modeJs === 'browser'","            ? window","            : global;","        // init utility2_rollup","        local = local.global.utility2_rollup || local;","        // init lib","        local.local = local.npmtest_salient = local;","        // init exports","        if (local.modeJs === 'browser') {","            local.global.utility2_npmtest_salient = local;","        } else {","            module.exports = local;","            module.exports.__dirname = __dirname;","            module.exports.module = module;","        }","    }());","}());",""],"l":{"12":2,"14":2,"19":2,"21":2,"23":2,"24":2,"25":2,"30":1,"37":2,"41":2,"43":2,"45":2,"46":1,"48":1,"49":1,"50":1}},"/home/travis/build/npmtest/node-npmtest-salient/example.js":{"path":"/home/travis/build/npmtest/node-npmtest-salient/example.js","s":{"1":2,"2":2,"3":2,"4":2,"5":2,"6":2,"7":2,"8":1,"9":2,"10":2,"11":2,"12":2,"13":1,"14":2,"15":2,"16":2,"17":2,"18":2,"19":0,"20":2,"21":1,"22":1,"23":1,"24":1,"25":1,"26":0,"27":0,"28":1,"29":1,"30":2,"31":0,"32":0,"33":0,"34":1,"35":2,"36":2,"37":3,"38":3,"39":3,"40":3,"41":0,"42":3,"43":3,"44":3,"45":1,"46":3,"47":1,"48":1,"49":1,"50":1,"51":1,"52":1,"53":1,"54":1,"55":1,"56":1,"57":0,"58":1,"59":6,"60":6,"61":1,"62":2,"63":0,"64":2,"65":1,"66":1,"67":0,"68":0,"69":0,"70":0,"71":0,"72":0,"73":0,"74":0,"75":0,"76":0,"77":0,"78":0,"79":0,"80":0,"81":0,"82":0,"83":0},"b":{"1":[2,1,1,1],"2":[1,1,1,1],"3":[1,1],"4":[2,2],"5":[1,1],"6":[1,1],"7":[2,0],"8":[2,1,1,1,1,1],"9":[0,2,0],"10":[1,1],"11":[2,1,1],"12":[1,0],"13":[0,2],"14":[2,0,0,0,0,0,0],"15":[0,3],"16":[3,0],"17":[1,1],"18":[0,1],"19":[1,2,0,2],"20":[1,0],"21":[1,1],"22":[0,0],"23":[0,0],"24":[0,0],"25":[0,0],"26":[0,0],"27":[0,0],"28":[0,0]},"f":{"1":2,"2":2,"3":2,"4":2,"5":2,"6":2,"7":3,"8":3,"9":3,"10":1,"11":6,"12":0},"fnMap":{"1":{"name":"(anonymous_1)","line":26,"loc":{"start":{"line":26,"column":1},"end":{"line":26,"column":13}}},"2":{"name":"(anonymous_2)","line":33,"loc":{"start":{"line":33,"column":5},"end":{"line":33,"column":17}}},"3":{"name":"(anonymous_3)","line":37,"loc":{"start":{"line":37,"column":24},"end":{"line":37,"column":36}}},"4":{"name":"(anonymous_4)","line":69,"loc":{"start":{"line":69,"column":31},"end":{"line":69,"column":48}},"skip":true},"5":{"name":"(anonymous_5)","line":78,"loc":{"start":{"line":78,"column":26},"end":{"line":78,"column":45}},"skip":true},"6":{"name":"(anonymous_6)","line":123,"loc":{"start":{"line":123,"column":33},"end":{"line":123,"column":48}},"skip":true},"7":{"name":"(anonymous_7)","line":125,"loc":{"start":{"line":125,"column":27},"end":{"line":125,"column":39}},"skip":true},"8":{"name":"(anonymous_8)","line":133,"loc":{"start":{"line":133,"column":59},"end":{"line":133,"column":74}},"skip":true},"9":{"name":"(anonymous_9)","line":143,"loc":{"start":{"line":143,"column":45},"end":{"line":143,"column":62}},"skip":true},"10":{"name":"(anonymous_10)","line":144,"loc":{"start":{"line":144,"column":73},"end":{"line":144,"column":92}},"skip":true},"11":{"name":"(anonymous_11)","line":272,"loc":{"start":{"line":272,"column":51},"end":{"line":272,"column":77}},"skip":true},"12":{"name":"(anonymous_12)","line":315,"loc":{"start":{"line":315,"column":32},"end":{"line":315,"column":61}},"skip":true}},"statementMap":{"1":{"start":{"line":26,"column":0},"end":{"line":326,"column":5}},"2":{"start":{"line":28,"column":4},"end":{"line":28,"column":14}},"3":{"start":{"line":33,"column":4},"end":{"line":60,"column":9}},"4":{"start":{"line":35,"column":8},"end":{"line":35,"column":19}},"5":{"start":{"line":37,"column":8},"end":{"line":49,"column":13}},"6":{"start":{"line":38,"column":12},"end":{"line":48,"column":13}},"7":{"start":{"line":39,"column":16},"end":{"line":42,"column":30}},"8":{"start":{"line":44,"column":16},"end":{"line":47,"column":27}},"9":{"start":{"line":51,"column":8},"end":{"line":53,"column":21}},"10":{"start":{"line":55,"column":8},"end":{"line":57,"column":45}},"11":{"start":{"line":59,"column":8},"end":{"line":59,"column":35}},"12":{"start":{"line":61,"column":4},"end":{"line":325,"column":5}},"13":{"start":{"line":69,"column":8},"end":{"line":121,"column":10},"skip":true},"14":{"start":{"line":70,"column":12},"end":{"line":88,"column":13},"skip":true},"15":{"start":{"line":76,"column":16},"end":{"line":87,"column":19},"skip":true},"16":{"start":{"line":79,"column":20},"end":{"line":86,"column":21},"skip":true},"17":{"start":{"line":82,"column":24},"end":{"line":82,"column":43},"skip":true},"18":{"start":{"line":83,"column":24},"end":{"line":83,"column":30},"skip":true},"19":{"start":{"line":85,"column":24},"end":{"line":85,"column":49},"skip":true},"20":{"start":{"line":89,"column":12},"end":{"line":107,"column":13},"skip":true},"21":{"start":{"line":92,"column":16},"end":{"line":102,"column":17},"skip":true},"22":{"start":{"line":93,"column":20},"end":{"line":93,"column":86},"skip":true},"23":{"start":{"line":94,"column":20},"end":{"line":95,"column":45},"skip":true},"24":{"start":{"line":96,"column":20},"end":{"line":96,"column":42},"skip":true},"25":{"start":{"line":97,"column":20},"end":{"line":97,"column":48},"skip":true},"26":{"start":{"line":100,"column":20},"end":{"line":100,"column":85},"skip":true},"27":{"start":{"line":101,"column":20},"end":{"line":101,"column":96},"skip":true},"28":{"start":{"line":103,"column":16},"end":{"line":103,"column":22},"skip":true},"29":{"start":{"line":106,"column":16},"end":{"line":106,"column":22},"skip":true},"30":{"start":{"line":108,"column":12},"end":{"line":120,"column":13},"skip":true},"31":{"start":{"line":114,"column":16},"end":{"line":119,"column":17},"skip":true},"32":{"start":{"line":116,"column":20},"end":{"line":116,"column":78},"skip":true},"33":{"start":{"line":118,"column":20},"end":{"line":118,"column":47},"skip":true},"34":{"start":{"line":123,"column":8},"end":{"line":141,"column":11},"skip":true},"35":{"start":{"line":124,"column":12},"end":{"line":124,"column":54},"skip":true},"36":{"start":{"line":125,"column":12},"end":{"line":140,"column":14},"skip":true},"37":{"start":{"line":126,"column":16},"end":{"line":126,"column":28},"skip":true},"38":{"start":{"line":127,"column":16},"end":{"line":127,"column":69},"skip":true},"39":{"start":{"line":128,"column":16},"end":{"line":128,"column":75},"skip":true},"40":{"start":{"line":129,"column":16},"end":{"line":131,"column":17},"skip":true},"41":{"start":{"line":130,"column":20},"end":{"line":130,"column":27},"skip":true},"42":{"start":{"line":133,"column":16},"end":{"line":137,"column":36},"skip":true},"43":{"start":{"line":134,"column":20},"end":{"line":136,"column":55},"skip":true},"44":{"start":{"line":139,"column":16},"end":{"line":139,"column":57},"skip":true},"45":{"start":{"line":143,"column":8},"end":{"line":147,"column":11},"skip":true},"46":{"start":{"line":144,"column":12},"end":{"line":146,"column":15},"skip":true},"47":{"start":{"line":145,"column":16},"end":{"line":145,"column":70},"skip":true},"48":{"start":{"line":149,"column":8},"end":{"line":149,"column":31},"skip":true},"49":{"start":{"line":150,"column":8},"end":{"line":150,"column":14},"skip":true},"50":{"start":{"line":158,"column":8},"end":{"line":158,"column":31},"skip":true},"51":{"start":{"line":160,"column":8},"end":{"line":160,"column":33},"skip":true},"52":{"start":{"line":161,"column":8},"end":{"line":161,"column":37},"skip":true},"53":{"start":{"line":162,"column":8},"end":{"line":162,"column":35},"skip":true},"54":{"start":{"line":164,"column":8},"end":{"line":164,"column":50},"skip":true},"55":{"start":{"line":166,"column":8},"end":{"line":256,"column":2},"skip":true},"56":{"start":{"line":258,"column":8},"end":{"line":286,"column":9},"skip":true},"57":{"start":{"line":259,"column":12},"end":{"line":269,"column":14},"skip":true},"58":{"start":{"line":271,"column":12},"end":{"line":285,"column":19},"skip":true},"59":{"start":{"line":274,"column":20},"end":{"line":274,"column":35},"skip":true},"60":{"start":{"line":275,"column":20},"end":{"line":284,"column":21},"skip":true},"61":{"start":{"line":277,"column":24},"end":{"line":277,"column":64},"skip":true},"62":{"start":{"line":279,"column":24},"end":{"line":279,"column":40},"skip":true},"63":{"start":{"line":281,"column":24},"end":{"line":281,"column":40},"skip":true},"64":{"start":{"line":283,"column":24},"end":{"line":283,"column":39},"skip":true},"65":{"start":{"line":288,"column":8},"end":{"line":290,"column":9},"skip":true},"66":{"start":{"line":289,"column":12},"end":{"line":289,"column":18},"skip":true},"67":{"start":{"line":291,"column":8},"end":{"line":293,"column":54},"skip":true},"68":{"start":{"line":296,"column":8},"end":{"line":301,"column":37},"skip":true},"69":{"start":{"line":303,"column":8},"end":{"line":303,"column":82},"skip":true},"70":{"start":{"line":306,"column":8},"end":{"line":308,"column":9},"skip":true},"71":{"start":{"line":307,"column":12},"end":{"line":307,"column":82},"skip":true},"72":{"start":{"line":310,"column":8},"end":{"line":312,"column":9},"skip":true},"73":{"start":{"line":311,"column":12},"end":{"line":311,"column":18},"skip":true},"74":{"start":{"line":313,"column":8},"end":{"line":313,"column":54},"skip":true},"75":{"start":{"line":314,"column":8},"end":{"line":314,"column":69},"skip":true},"76":{"start":{"line":315,"column":8},"end":{"line":323,"column":36},"skip":true},"77":{"start":{"line":316,"column":12},"end":{"line":316,"column":61},"skip":true},"78":{"start":{"line":317,"column":12},"end":{"line":320,"column":13},"skip":true},"79":{"start":{"line":318,"column":16},"end":{"line":318,"column":75},"skip":true},"80":{"start":{"line":319,"column":16},"end":{"line":319,"column":23},"skip":true},"81":{"start":{"line":321,"column":12},"end":{"line":321,"column":38},"skip":true},"82":{"start":{"line":322,"column":12},"end":{"line":322,"column":27},"skip":true},"83":{"start":{"line":324,"column":8},"end":{"line":324,"column":14},"skip":true}},"branchMap":{"1":{"line":39,"type":"binary-expr","locations":[{"start":{"line":39,"column":23},"end":{"line":39,"column":62}},{"start":{"line":40,"column":20},"end":{"line":40,"column":70}},{"start":{"line":41,"column":20},"end":{"line":41,"column":71}},{"start":{"line":42,"column":20},"end":{"line":42,"column":29}}]},"2":{"line":44,"type":"binary-expr","locations":[{"start":{"line":44,"column":23},"end":{"line":44,"column":37}},{"start":{"line":45,"column":20},"end":{"line":45,"column":61}},{"start":{"line":46,"column":20},"end":{"line":46,"column":70}},{"start":{"line":47,"column":20},"end":{"line":47,"column":26}}]},"3":{"line":51,"type":"cond-expr","locations":[{"start":{"line":52,"column":14},"end":{"line":52,"column":20}},{"start":{"line":53,"column":14},"end":{"line":53,"column":20}}]},"4":{"line":55,"type":"binary-expr","locations":[{"start":{"line":55,"column":16},"end":{"line":55,"column":44}},{"start":{"line":55,"column":49},"end":{"line":57,"column":43}}]},"5":{"line":55,"type":"cond-expr","locations":[{"start":{"line":56,"column":14},"end":{"line":56,"column":51}},{"start":{"line":57,"column":14},"end":{"line":57,"column":43}}]},"6":{"line":61,"type":"switch","locations":[{"start":{"line":68,"column":4},"end":{"line":150,"column":14},"skip":true},{"start":{"line":156,"column":4},"end":{"line":324,"column":14},"skip":true}]},"7":{"line":70,"type":"if","locations":[{"start":{"line":70,"column":12},"end":{"line":70,"column":12},"skip":true},{"start":{"line":70,"column":12},"end":{"line":70,"column":12},"skip":true}]},"8":{"line":70,"type":"binary-expr","locations":[{"start":{"line":70,"column":16},"end":{"line":70,"column":22},"skip":true},{"start":{"line":70,"column":27},"end":{"line":70,"column":32},"skip":true},{"start":{"line":71,"column":20},"end":{"line":71,"column":39},"skip":true},{"start":{"line":72,"column":20},"end":{"line":72,"column":49},"skip":true},{"start":{"line":73,"column":20},"end":{"line":73,"column":58},"skip":true},{"start":{"line":74,"column":20},"end":{"line":74,"column":69},"skip":true}]},"9":{"line":79,"type":"switch","locations":[{"start":{"line":80,"column":20},"end":{"line":80,"column":33},"skip":true},{"start":{"line":81,"column":20},"end":{"line":83,"column":30},"skip":true},{"start":{"line":84,"column":20},"end":{"line":85,"column":49},"skip":true}]},"10":{"line":89,"type":"switch","locations":[{"start":{"line":90,"column":12},"end":{"line":103,"column":22},"skip":true},{"start":{"line":105,"column":12},"end":{"line":106,"column":22},"skip":true}]},"11":{"line":89,"type":"binary-expr","locations":[{"start":{"line":89,"column":20},"end":{"line":89,"column":25},"skip":true},{"start":{"line":89,"column":29},"end":{"line":89,"column":48},"skip":true},{"start":{"line":89,"column":52},"end":{"line":89,"column":74},"skip":true}]},"12":{"line":92,"type":"if","locations":[{"start":{"line":92,"column":16},"end":{"line":92,"column":16},"skip":true},{"start":{"line":92,"column":16},"end":{"line":92,"column":16},"skip":true}]},"13":{"line":108,"type":"if","locations":[{"start":{"line":108,"column":12},"end":{"line":108,"column":12},"skip":true},{"start":{"line":108,"column":12},"end":{"line":108,"column":12},"skip":true}]},"14":{"line":108,"type":"binary-expr","locations":[{"start":{"line":108,"column":16},"end":{"line":108,"column":61},"skip":true},{"start":{"line":108,"column":66},"end":{"line":108,"column":72},"skip":true},{"start":{"line":108,"column":77},"end":{"line":108,"column":82},"skip":true},{"start":{"line":109,"column":20},"end":{"line":109,"column":39},"skip":true},{"start":{"line":110,"column":20},"end":{"line":110,"column":49},"skip":true},{"start":{"line":111,"column":20},"end":{"line":111,"column":58},"skip":true},{"start":{"line":112,"column":20},"end":{"line":112,"column":68},"skip":true}]},"15":{"line":129,"type":"if","locations":[{"start":{"line":129,"column":16},"end":{"line":129,"column":16},"skip":true},{"start":{"line":129,"column":16},"end":{"line":129,"column":16},"skip":true}]},"16":{"line":134,"type":"cond-expr","locations":[{"start":{"line":135,"column":26},"end":{"line":135,"column":29},"skip":true},{"start":{"line":136,"column":26},"end":{"line":136,"column":54},"skip":true}]},"17":{"line":164,"type":"binary-expr","locations":[{"start":{"line":164,"column":27},"end":{"line":164,"column":43},"skip":true},{"start":{"line":164,"column":47},"end":{"line":164,"column":49},"skip":true}]},"18":{"line":258,"type":"if","locations":[{"start":{"line":258,"column":8},"end":{"line":258,"column":8},"skip":true},{"start":{"line":258,"column":8},"end":{"line":258,"column":8},"skip":true}]},"19":{"line":275,"type":"switch","locations":[{"start":{"line":276,"column":20},"end":{"line":277,"column":64},"skip":true},{"start":{"line":278,"column":20},"end":{"line":279,"column":40},"skip":true},{"start":{"line":280,"column":20},"end":{"line":281,"column":40},"skip":true},{"start":{"line":282,"column":20},"end":{"line":283,"column":39},"skip":true}]},"20":{"line":288,"type":"if","locations":[{"start":{"line":288,"column":8},"end":{"line":288,"column":8},"skip":true},{"start":{"line":288,"column":8},"end":{"line":288,"column":8},"skip":true}]},"21":{"line":288,"type":"binary-expr","locations":[{"start":{"line":288,"column":12},"end":{"line":288,"column":40},"skip":true},{"start":{"line":288,"column":44},"end":{"line":288,"column":67},"skip":true}]},"22":{"line":292,"type":"binary-expr","locations":[{"start":{"line":292,"column":12},"end":{"line":292,"column":50},"skip":true},{"start":{"line":293,"column":12},"end":{"line":293,"column":53},"skip":true}]},"23":{"line":297,"type":"binary-expr","locations":[{"start":{"line":297,"column":12},"end":{"line":297,"column":65},"skip":true},{"start":{"line":298,"column":12},"end":{"line":301,"column":36},"skip":true}]},"24":{"line":303,"type":"binary-expr","locations":[{"start":{"line":303,"column":43},"end":{"line":303,"column":75},"skip":true},{"start":{"line":303,"column":79},"end":{"line":303,"column":81},"skip":true}]},"25":{"line":306,"type":"if","locations":[{"start":{"line":306,"column":8},"end":{"line":306,"column":8},"skip":true},{"start":{"line":306,"column":8},"end":{"line":306,"column":8},"skip":true}]},"26":{"line":310,"type":"if","locations":[{"start":{"line":310,"column":8},"end":{"line":310,"column":8},"skip":true},{"start":{"line":310,"column":8},"end":{"line":310,"column":8},"skip":true}]},"27":{"line":313,"type":"binary-expr","locations":[{"start":{"line":313,"column":27},"end":{"line":313,"column":43},"skip":true},{"start":{"line":313,"column":47},"end":{"line":313,"column":53},"skip":true}]},"28":{"line":317,"type":"if","locations":[{"start":{"line":317,"column":12},"end":{"line":317,"column":12},"skip":true},{"start":{"line":317,"column":12},"end":{"line":317,"column":12},"skip":true}]}},"code":["/*","example.js","","quickstart example","","instruction","    1. save this script as example.js","    2. run the shell command:","        $ npm install npmtest-salient && PORT=8081 node example.js","    3. play with the browser-demo on http://127.0.0.1:8081","*/","","","","/* istanbul instrument in package npmtest_salient */","/*jslint","    bitwise: true,","    browser: true,","    maxerr: 8,","    maxlen: 96,","    node: true,","    nomen: true,","    regexp: true,","    stupid: true","*/","(function () {","    'use strict';","    var local;","","","","    // run shared js-env code - pre-init","    (function () {","        // init local","        local = {};","        // init modeJs","        local.modeJs = (function () {","            try {","                return typeof navigator.userAgent === 'string' &&","                    typeof document.querySelector('body') === 'object' &&","                    typeof XMLHttpRequest.prototype.open === 'function' &&","                    'browser';","            } catch (errorCaughtBrowser) {","                return module.exports &&","                    typeof process.versions.node === 'string' &&","                    typeof require('http').createServer === 'function' &&","                    'node';","            }","        }());","        // init global","        local.global = local.modeJs === 'browser'","            ? window","            : global;","        // init utility2_rollup","        local = local.global.utility2_rollup || (local.modeJs === 'browser'","            ? local.global.utility2_npmtest_salient","            : global.utility2_moduleExports);","        // export local","        local.global.local = local;","    }());","    switch (local.modeJs) {","","","","    // post-init","    // run browser js-env code - post-init","    /* istanbul ignore next */","    case 'browser':","        local.testRunBrowser = function (event) {","            if (!event || (event &&","                    event.currentTarget &&","                    event.currentTarget.className &&","                    event.currentTarget.className.includes &&","                    event.currentTarget.className.includes('onreset'))) {","                // reset output","                Array.from(","                    document.querySelectorAll('body > .resettable')","                ).forEach(function (element) {","                    switch (element.tagName) {","                    case 'INPUT':","                    case 'TEXTAREA':","                        element.value = '';","                        break;","                    default:","                        element.textContent = '';","                    }","                });","            }","            switch (event && event.currentTarget && event.currentTarget.id) {","            case 'testRunButton1':","                // show tests","                if (document.querySelector('#testReportDiv1').style.display === 'none') {","                    document.querySelector('#testReportDiv1').style.display = 'block';","                    document.querySelector('#testRunButton1').textContent =","                        'hide internal test';","                    local.modeTest = true;","                    local.testRunDefault(local);","                // hide tests","                } else {","                    document.querySelector('#testReportDiv1').style.display = 'none';","                    document.querySelector('#testRunButton1').textContent = 'run internal test';","                }","                break;","            // custom-case","            default:","                break;","            }","            if (document.querySelector('#inputTextareaEval1') && (!event || (event &&","                    event.currentTarget &&","                    event.currentTarget.className &&","                    event.currentTarget.className.includes &&","                    event.currentTarget.className.includes('oneval')))) {","                // try to eval input-code","                try {","                    /*jslint evil: true*/","                    eval(document.querySelector('#inputTextareaEval1').value);","                } catch (errorCaught) {","                    console.error(errorCaught);","                }","            }","        };","        // log stderr and stdout to #outputTextareaStdout1","        ['error', 'log'].forEach(function (key) {","            console[key + '_original'] = console[key];","            console[key] = function () {","                var element;","                console[key + '_original'].apply(console, arguments);","                element = document.querySelector('#outputTextareaStdout1');","                if (!element) {","                    return;","                }","                // append text to #outputTextareaStdout1","                element.value += Array.from(arguments).map(function (arg) {","                    return typeof arg === 'string'","                        ? arg","                        : JSON.stringify(arg, null, 4);","                }).join(' ') + '\\n';","                // scroll textarea to bottom","                element.scrollTop = element.scrollHeight;","            };","        });","        // init event-handling","        ['change', 'click', 'keyup'].forEach(function (event) {","            Array.from(document.querySelectorAll('.on' + event)).forEach(function (element) {","                element.addEventListener(event, local.testRunBrowser);","            });","        });","        // run tests","        local.testRunBrowser();","        break;","","","","    // run node js-env code - post-init","    /* istanbul ignore next */","    case 'node':","        // export local","        module.exports = local;","        // require modules","        local.fs = require('fs');","        local.http = require('http');","        local.url = require('url');","        // init assets","        local.assetsDict = local.assetsDict || {};","        /* jslint-ignore-begin */","        local.assetsDict['/assets.index.template.html'] = '\\","<!doctype html>\\n\\","<html lang=\"en\">\\n\\","<head>\\n\\","<meta charset=\"UTF-8\">\\n\\","<meta name=\"viewport\" content=\"width=device-width, initial-scale=1\">\\n\\","<title>{{env.npm_package_name}} (v{{env.npm_package_version}})</title>\\n\\","<style>\\n\\","/*csslint\\n\\","    box-sizing: false,\\n\\","    universal-selector: false\\n\\","*/\\n\\","* {\\n\\","    box-sizing: border-box;\\n\\","}\\n\\","body {\\n\\","    background: #dde;\\n\\","    font-family: Arial, Helvetica, sans-serif;\\n\\","    margin: 2rem;\\n\\","}\\n\\","body > * {\\n\\","    margin-bottom: 1rem;\\n\\","}\\n\\",".utility2FooterDiv {\\n\\","    margin-top: 20px;\\n\\","    text-align: center;\\n\\","}\\n\\","</style>\\n\\","<style>\\n\\","/*csslint\\n\\","*/\\n\\","textarea {\\n\\","    font-family: monospace;\\n\\","    height: 10rem;\\n\\","    width: 100%;\\n\\","}\\n\\","textarea[readonly] {\\n\\","    background: #ddd;\\n\\","}\\n\\","</style>\\n\\","</head>\\n\\","<body>\\n\\","<!-- utility2-comment\\n\\","<div id=\"ajaxProgressDiv1\" style=\"background: #d00; height: 2px; left: 0; margin: 0; padding: 0; position: fixed; top: 0; transition: background 0.5s, width 1.5s; width: 25%;\"></div>\\n\\","utility2-comment -->\\n\\","<h1>\\n\\","<!-- utility2-comment\\n\\","    <a\\n\\","        {{#if env.npm_package_homepage}}\\n\\","        href=\"{{env.npm_package_homepage}}\"\\n\\","        {{/if env.npm_package_homepage}}\\n\\","        target=\"_blank\"\\n\\","    >\\n\\","utility2-comment -->\\n\\","        {{env.npm_package_name}} (v{{env.npm_package_version}})\\n\\","<!-- utility2-comment\\n\\","    </a>\\n\\","utility2-comment -->\\n\\","</h1>\\n\\","<h3>{{env.npm_package_description}}</h3>\\n\\","<!-- utility2-comment\\n\\","<h4><a download href=\"assets.app.js\">download standalone app</a></h4>\\n\\","<button class=\"onclick onreset\" id=\"testRunButton1\">run internal test</button><br>\\n\\","<div id=\"testReportDiv1\" style=\"display: none;\"></div>\\n\\","utility2-comment -->\\n\\","\\n\\","\\n\\","\\n\\","<label>stderr and stdout</label>\\n\\","<textarea class=\"resettable\" id=\"outputTextareaStdout1\" readonly></textarea>\\n\\","<!-- utility2-comment\\n\\","{{#if isRollup}}\\n\\","<script src=\"assets.app.js\"></script>\\n\\","{{#unless isRollup}}\\n\\","utility2-comment -->\\n\\","<script src=\"assets.utility2.rollup.js\"></script>\\n\\","<script src=\"jsonp.utility2._stateInit?callback=window.utility2._stateInit\"></script>\\n\\","<script src=\"assets.npmtest_salient.rollup.js\"></script>\\n\\","<script src=\"assets.example.js\"></script>\\n\\","<script src=\"assets.test.js\"></script>\\n\\","<!-- utility2-comment\\n\\","{{/if isRollup}}\\n\\","utility2-comment -->\\n\\","<div class=\"utility2FooterDiv\">\\n\\","    [ this app was created with\\n\\","    <a href=\"https://github.com/kaizhu256/node-utility2\" target=\"_blank\">utility2</a>\\n\\","    ]\\n\\","</div>\\n\\","</body>\\n\\","</html>\\n\\","';","        /* jslint-ignore-end */","        if (local.templateRender) {","            local.assetsDict['/'] = local.templateRender(","                local.assetsDict['/assets.index.template.html'],","                {","                    env: local.objectSetDefault(local.env, {","                        npm_package_description: 'the greatest app in the world!',","                        npm_package_name: 'my-app',","                        npm_package_nameAlias: 'my_app',","                        npm_package_version: '0.0.1'","                    })","                }","            );","        } else {","            local.assetsDict['/'] = local.assetsDict['/assets.index.template.html']","                .replace((/\\{\\{env\\.(\\w+?)\\}\\}/g), function (match0, match1) {","                    // jslint-hack","                    String(match0);","                    switch (match1) {","                    case 'npm_package_description':","                        return 'the greatest app in the world!';","                    case 'npm_package_name':","                        return 'my-app';","                    case 'npm_package_nameAlias':","                        return 'my_app';","                    case 'npm_package_version':","                        return '0.0.1';","                    }","                });","        }","        // run the cli","        if (local.global.utility2_rollup || module !== require.main) {","            break;","        }","        local.assetsDict['/assets.example.js'] =","            local.assetsDict['/assets.example.js'] ||","            local.fs.readFileSync(__filename, 'utf8');","        // bug-workaround - long $npm_package_buildCustomOrg","        /* jslint-ignore-begin */","        local.assetsDict['/assets.npmtest_salient.rollup.js'] =","            local.assetsDict['/assets.npmtest_salient.rollup.js'] ||","            local.fs.readFileSync(","                local.npmtest_salient.__dirname + '/lib.npmtest_salient.js',","                'utf8'","            ).replace((/^#!/), '//');","        /* jslint-ignore-end */","        local.assetsDict['/favicon.ico'] = local.assetsDict['/favicon.ico'] || '';","        // if $npm_config_timeout_exit exists,","        // then exit this process after $npm_config_timeout_exit ms","        if (Number(process.env.npm_config_timeout_exit)) {","            setTimeout(process.exit, Number(process.env.npm_config_timeout_exit));","        }","        // start server","        if (local.global.utility2_serverHttp1) {","            break;","        }","        process.env.PORT = process.env.PORT || '8081';","        console.error('server starting on port ' + process.env.PORT);","        local.http.createServer(function (request, response) {","            request.urlParsed = local.url.parse(request.url);","            if (local.assetsDict[request.urlParsed.pathname] !== undefined) {","                response.end(local.assetsDict[request.urlParsed.pathname]);","                return;","            }","            response.statusCode = 404;","            response.end();","        }).listen(process.env.PORT);","        break;","    }","}());",""],"l":{"26":2,"28":2,"33":2,"35":2,"37":2,"38":2,"39":2,"44":1,"51":2,"55":2,"59":2,"61":2,"69":1,"70":2,"76":2,"79":2,"82":2,"83":2,"85":1,"89":2,"92":1,"93":1,"94":1,"96":1,"97":1,"100":1,"101":1,"103":1,"106":1,"108":2,"114":1,"116":1,"118":1,"123":1,"124":2,"125":2,"126":3,"127":3,"128":3,"129":3,"130":1,"133":3,"134":3,"139":3,"143":1,"144":3,"145":1,"149":1,"150":1,"158":1,"160":1,"161":1,"162":1,"164":1,"166":1,"258":1,"259":1,"271":1,"274":6,"275":6,"277":1,"279":2,"281":1,"283":2,"288":1,"289":1,"291":1,"296":1,"303":1,"306":1,"307":1,"310":1,"311":1,"313":1,"314":1,"315":1,"316":1,"317":1,"318":1,"319":1,"321":1,"322":1,"324":1}},"/home/travis/build/npmtest/node-npmtest-salient/node_modules/salient/index.js":{"path":"/home/travis/build/npmtest/node-npmtest-salient/node_modules/salient/index.js","s":{"1":1},"b":{},"f":{},"fnMap":{},"statementMap":{"1":{"start":{"line":2,"column":0},"end":{"line":2,"column":42}}},"branchMap":{},"code":["","module.exports = require('./lib/salient');",""],"l":{"2":1}},"/home/travis/build/npmtest/node-npmtest-salient/node_modules/salient/lib/salient/index.js":{"path":"/home/travis/build/npmtest/node-npmtest-salient/node_modules/salient/lib/salient/index.js","s":{"1":1,"2":1,"3":1,"4":1,"5":1,"6":1,"7":1,"8":1,"9":1,"10":1,"11":1,"12":1,"13":1,"14":1,"15":1,"16":1,"17":1,"18":1,"19":1,"20":1,"21":1,"22":1,"23":1,"24":1,"25":1,"26":1,"27":1,"28":1,"29":1,"30":1,"31":1,"32":1,"33":1,"34":1,"35":1,"36":1,"37":1,"38":1,"39":1,"40":1,"41":1,"42":1,"43":1,"44":1},"b":{},"f":{},"fnMap":{},"statementMap":{"1":{"start":{"line":6,"column":0},"end":{"line":6,"column":31}},"2":{"start":{"line":7,"column":0},"end":{"line":7,"column":87}},"3":{"start":{"line":8,"column":0},"end":{"line":8,"column":83}},"4":{"start":{"line":9,"column":0},"end":{"line":9,"column":79}},"5":{"start":{"line":10,"column":0},"end":{"line":10,"column":89}},"6":{"start":{"line":11,"column":0},"end":{"line":11,"column":85}},"7":{"start":{"line":12,"column":0},"end":{"line":12,"column":91}},"8":{"start":{"line":13,"column":0},"end":{"line":13,"column":72}},"9":{"start":{"line":14,"column":0},"end":{"line":14,"column":32}},"10":{"start":{"line":15,"column":0},"end":{"line":15,"column":87}},"11":{"start":{"line":16,"column":0},"end":{"line":16,"column":93}},"12":{"start":{"line":17,"column":0},"end":{"line":17,"column":31}},"13":{"start":{"line":18,"column":0},"end":{"line":18,"column":87}},"14":{"start":{"line":19,"column":0},"end":{"line":19,"column":25}},"15":{"start":{"line":20,"column":0},"end":{"line":20,"column":54}},"16":{"start":{"line":21,"column":0},"end":{"line":21,"column":54}},"17":{"start":{"line":22,"column":0},"end":{"line":22,"column":32}},"18":{"start":{"line":23,"column":0},"end":{"line":23,"column":85}},"19":{"start":{"line":24,"column":0},"end":{"line":24,"column":35}},"20":{"start":{"line":25,"column":0},"end":{"line":25,"column":88}},"21":{"start":{"line":26,"column":0},"end":{"line":26,"column":36}},"22":{"start":{"line":27,"column":0},"end":{"line":27,"column":90}},"23":{"start":{"line":28,"column":0},"end":{"line":28,"column":31}},"24":{"start":{"line":29,"column":0},"end":{"line":29,"column":79}},"25":{"start":{"line":30,"column":0},"end":{"line":30,"column":27}},"26":{"start":{"line":31,"column":0},"end":{"line":31,"column":62}},"27":{"start":{"line":32,"column":0},"end":{"line":32,"column":62}},"28":{"start":{"line":33,"column":0},"end":{"line":33,"column":68}},"29":{"start":{"line":34,"column":0},"end":{"line":34,"column":62}},"30":{"start":{"line":35,"column":0},"end":{"line":35,"column":29}},"31":{"start":{"line":36,"column":0},"end":{"line":36,"column":70}},"32":{"start":{"line":37,"column":0},"end":{"line":37,"column":27}},"33":{"start":{"line":38,"column":0},"end":{"line":38,"column":67}},"34":{"start":{"line":39,"column":0},"end":{"line":39,"column":68}},"35":{"start":{"line":40,"column":0},"end":{"line":40,"column":29}},"36":{"start":{"line":41,"column":0},"end":{"line":41,"column":66}},"37":{"start":{"line":42,"column":0},"end":{"line":42,"column":30}},"38":{"start":{"line":43,"column":0},"end":{"line":43,"column":87}},"39":{"start":{"line":44,"column":0},"end":{"line":44,"column":93}},"40":{"start":{"line":45,"column":0},"end":{"line":45,"column":29}},"41":{"start":{"line":46,"column":0},"end":{"line":46,"column":79}},"42":{"start":{"line":47,"column":0},"end":{"line":47,"column":79}},"43":{"start":{"line":48,"column":0},"end":{"line":48,"column":26}},"44":{"start":{"line":49,"column":0},"end":{"line":49,"column":65}}},"branchMap":{},"code":["","/**"," * Module imports for tokenizers"," */","","module.exports.tokenizers = {};","module.exports.tokenizers.ArticleTokenizer = require('./tokenizers/article_tokenizer');","module.exports.tokenizers.TweetTokenizer = require('./tokenizers/tweet_tokenizer');","module.exports.tokenizers.UrlTokenizer = require('./tokenizers/url_tokenizer');","module.exports.tokenizers.EmoticonTokenizer = require('./tokenizers/emoticon_tokenizer');","module.exports.tokenizers.RegExpTokenizer = require('./tokenizers/regexp_tokenizer');","module.exports.tokenizers.WordPunctTokenizer = require('./tokenizers/wordpunct_tokenizer');","module.exports.tokenizers.Tokenizer = require('./tokenizers/tokenizer');","module.exports.classifiers = {};","module.exports.classifiers.BayesClassifier = require('./classifiers/bayes_classifier');","module.exports.classifiers.LogisticRegression = require('./classifiers/logistic_regression');","module.exports.regression = {};","module.exports.regression.LinearRegression = require('./regression/linear_regression');","module.exports.math = {};","module.exports.math.Matrix = require('./math/matrix');","module.exports.math.Vector = require('./math/vector');","module.exports.normalizers = {};","module.exports.normalizers.MeanNormalizer = require('./normalizers/mean_normalizer');","module.exports.neuralnetworks = {};","module.exports.neuralnetworks.NeuralNetwork = require('./neuralnetworks/neuralnetwork');","module.exports.crossvalidation = {};","module.exports.crossvalidation.CrossValidate = require('./crossvalidation/crossvalidate');","module.exports.wiktionary = {};","module.exports.wiktionary.WiktionaryParser = require('./wiktionary/wikparser');","module.exports.corpus = {};","module.exports.corpus.BrownCorpus = require('./corpus/brown');","module.exports.corpus.PennTreeBank = require('./corpus/penn');","module.exports.corpus.TwitterTreeBank = require('./corpus/twitter');","module.exports.corpus.IULATreeBank = require('./corpus/iula');","module.exports.language = {};","module.exports.language.HiddenMarkovModel = require('./language/hmm');","module.exports.tagging = {}","module.exports.tagging.HmmTagger = require('./tagging/hmm_tagger');","module.exports.tagging.TreeTagger = require('./tagging/treetagger');","module.exports.glossary = {};","module.exports.glossary.Glossary = require('./glossary/glossary');","module.exports.sentiment = {};","module.exports.sentiment.BayesSentimentAnalyser = require('./sentiment/bayesanalyser');","module.exports.sentiment.SentiwordnetAnalyser = require('./sentiment/sentiwordnet_analyser');","module.exports.crawlers = {};","module.exports.crawlers.ContentCrawler = require('./crawlers/content_crawler');","module.exports.crawlers.SitemapCrawler = require('./crawlers/sitemap_crawler');","module.exports.graph = {};","module.exports.graph.DocumentGraph = require('./graph/document');",""],"l":{"6":1,"7":1,"8":1,"9":1,"10":1,"11":1,"12":1,"13":1,"14":1,"15":1,"16":1,"17":1,"18":1,"19":1,"20":1,"21":1,"22":1,"23":1,"24":1,"25":1,"26":1,"27":1,"28":1,"29":1,"30":1,"31":1,"32":1,"33":1,"34":1,"35":1,"36":1,"37":1,"38":1,"39":1,"40":1,"41":1,"42":1,"43":1,"44":1,"45":1,"46":1,"47":1,"48":1,"49":1}},"/home/travis/build/npmtest/node-npmtest-salient/node_modules/salient/lib/salient/tokenizers/article_tokenizer.js":{"path":"/home/travis/build/npmtest/node-npmtest-salient/node_modules/salient/lib/salient/tokenizers/article_tokenizer.js","s":{"1":1,"2":1,"3":1,"4":1,"5":1,"6":1,"7":1,"8":1,"9":0,"10":0,"11":0,"12":0,"13":0,"14":0,"15":0,"16":0,"17":0,"18":0,"19":0,"20":0,"21":0,"22":0,"23":0,"24":1,"25":1,"26":0,"27":0,"28":0,"29":0,"30":0,"31":0,"32":0,"33":0,"34":0,"35":0,"36":0,"37":0,"38":0,"39":0,"40":0,"41":0,"42":0,"43":0,"44":0,"45":0,"46":0,"47":0,"48":0,"49":0,"50":0,"51":0,"52":0,"53":0,"54":1,"55":0,"56":0,"57":0,"58":0,"59":0,"60":0,"61":0,"62":0,"63":0,"64":0,"65":0,"66":0,"67":0,"68":0,"69":0,"70":0,"71":0,"72":0,"73":0,"74":0,"75":0,"76":0,"77":0,"78":1,"79":0,"80":0,"81":0,"82":0,"83":0,"84":0,"85":0,"86":0,"87":0,"88":1},"b":{"1":[0,0],"2":[0,0],"3":[0,0],"4":[0,0],"5":[0,0],"6":[0,0],"7":[0,0],"8":[0,0],"9":[0,0],"10":[0,0],"11":[0,0],"12":[0,0],"13":[0,0],"14":[0,0],"15":[0,0],"16":[0,0],"17":[0,0],"18":[0,0],"19":[0,0],"20":[0,0],"21":[0,0],"22":[0,0],"23":[0,0]},"f":{"1":0,"2":0,"3":0,"4":0},"fnMap":{"1":{"name":"(anonymous_1)","line":10,"loc":{"start":{"line":10,"column":23},"end":{"line":10,"column":42}}},"2":{"name":"(anonymous_2)","line":35,"loc":{"start":{"line":35,"column":51},"end":{"line":35,"column":63}}},"3":{"name":"(anonymous_3)","line":125,"loc":{"start":{"line":125,"column":38},"end":{"line":125,"column":51}}},"4":{"name":"(anonymous_4)","line":163,"loc":{"start":{"line":163,"column":35},"end":{"line":163,"column":48}}}},"statementMap":{"1":{"start":{"line":2,"column":0},"end":{"line":2,"column":39}},"2":{"start":{"line":3,"column":0},"end":{"line":3,"column":52}},"3":{"start":{"line":4,"column":0},"end":{"line":4,"column":58}},"4":{"start":{"line":5,"column":0},"end":{"line":5,"column":46}},"5":{"start":{"line":6,"column":0},"end":{"line":6,"column":23}},"6":{"start":{"line":7,"column":0},"end":{"line":7,"column":27}},"7":{"start":{"line":8,"column":0},"end":{"line":8,"column":32}},"8":{"start":{"line":10,"column":0},"end":{"line":30,"column":2}},"9":{"start":{"line":11,"column":4},"end":{"line":11,"column":32}},"10":{"start":{"line":12,"column":4},"end":{"line":12,"column":51}},"11":{"start":{"line":13,"column":4},"end":{"line":13,"column":40}},"12":{"start":{"line":14,"column":4},"end":{"line":14,"column":53}},"13":{"start":{"line":15,"column":4},"end":{"line":15,"column":70}},"14":{"start":{"line":16,"column":4},"end":{"line":16,"column":66}},"15":{"start":{"line":17,"column":4},"end":{"line":17,"column":81}},"16":{"start":{"line":18,"column":4},"end":{"line":20,"column":5}},"17":{"start":{"line":19,"column":8},"end":{"line":19,"column":36}},"18":{"start":{"line":21,"column":4},"end":{"line":23,"column":5}},"19":{"start":{"line":22,"column":8},"end":{"line":22,"column":31}},"20":{"start":{"line":24,"column":4},"end":{"line":26,"column":5}},"21":{"start":{"line":25,"column":8},"end":{"line":25,"column":37}},"22":{"start":{"line":27,"column":4},"end":{"line":29,"column":5}},"23":{"start":{"line":28,"column":8},"end":{"line":28,"column":41}},"24":{"start":{"line":33,"column":0},"end":{"line":33,"column":43}},"25":{"start":{"line":35,"column":0},"end":{"line":120,"column":2}},"26":{"start":{"line":36,"column":4},"end":{"line":36,"column":114}},"27":{"start":{"line":37,"column":4},"end":{"line":37,"column":67}},"28":{"start":{"line":38,"column":4},"end":{"line":38,"column":30}},"29":{"start":{"line":39,"column":4},"end":{"line":53,"column":5}},"30":{"start":{"line":41,"column":8},"end":{"line":44,"column":12}},"31":{"start":{"line":45,"column":8},"end":{"line":48,"column":12}},"32":{"start":{"line":49,"column":8},"end":{"line":52,"column":12}},"33":{"start":{"line":54,"column":4},"end":{"line":59,"column":5}},"34":{"start":{"line":55,"column":8},"end":{"line":58,"column":12}},"35":{"start":{"line":60,"column":4},"end":{"line":66,"column":5}},"36":{"start":{"line":62,"column":8},"end":{"line":65,"column":12}},"37":{"start":{"line":67,"column":4},"end":{"line":113,"column":5}},"38":{"start":{"line":68,"column":8},"end":{"line":71,"column":12}},"39":{"start":{"line":72,"column":8},"end":{"line":74,"column":12}},"40":{"start":{"line":75,"column":8},"end":{"line":77,"column":12}},"41":{"start":{"line":78,"column":8},"end":{"line":80,"column":12}},"42":{"start":{"line":81,"column":8},"end":{"line":83,"column":12}},"43":{"start":{"line":84,"column":8},"end":{"line":86,"column":12}},"44":{"start":{"line":87,"column":8},"end":{"line":89,"column":12}},"45":{"start":{"line":90,"column":8},"end":{"line":92,"column":12}},"46":{"start":{"line":93,"column":8},"end":{"line":96,"column":12}},"47":{"start":{"line":97,"column":8},"end":{"line":99,"column":12}},"48":{"start":{"line":100,"column":8},"end":{"line":102,"column":12}},"49":{"start":{"line":103,"column":8},"end":{"line":105,"column":12}},"50":{"start":{"line":106,"column":8},"end":{"line":108,"column":12}},"51":{"start":{"line":109,"column":8},"end":{"line":112,"column":12}},"52":{"start":{"line":114,"column":4},"end":{"line":119,"column":5}},"53":{"start":{"line":115,"column":8},"end":{"line":118,"column":12}},"54":{"start":{"line":125,"column":0},"end":{"line":158,"column":2}},"55":{"start":{"line":126,"column":4},"end":{"line":127,"column":18}},"56":{"start":{"line":127,"column":8},"end":{"line":127,"column":18}},"57":{"start":{"line":129,"column":4},"end":{"line":131,"column":5}},"58":{"start":{"line":130,"column":8},"end":{"line":130,"column":37}},"59":{"start":{"line":133,"column":4},"end":{"line":133,"column":45}},"60":{"start":{"line":134,"column":4},"end":{"line":134,"column":20}},"61":{"start":{"line":135,"column":4},"end":{"line":135,"column":18}},"62":{"start":{"line":136,"column":4},"end":{"line":157,"column":5}},"63":{"start":{"line":137,"column":8},"end":{"line":147,"column":9}},"64":{"start":{"line":138,"column":12},"end":{"line":138,"column":35}},"65":{"start":{"line":139,"column":12},"end":{"line":139,"column":43}},"66":{"start":{"line":140,"column":12},"end":{"line":144,"column":13}},"67":{"start":{"line":141,"column":16},"end":{"line":141,"column":55}},"68":{"start":{"line":142,"column":16},"end":{"line":142,"column":57}},"69":{"start":{"line":143,"column":16},"end":{"line":143,"column":48}},"70":{"start":{"line":145,"column":12},"end":{"line":145,"column":38}},"71":{"start":{"line":146,"column":12},"end":{"line":146,"column":31}},"72":{"start":{"line":148,"column":8},"end":{"line":152,"column":9}},"73":{"start":{"line":149,"column":12},"end":{"line":149,"column":39}},"74":{"start":{"line":150,"column":12},"end":{"line":150,"column":53}},"75":{"start":{"line":151,"column":12},"end":{"line":151,"column":44}},"76":{"start":{"line":153,"column":8},"end":{"line":153,"column":22}},"77":{"start":{"line":156,"column":8},"end":{"line":156,"column":42}},"78":{"start":{"line":163,"column":0},"end":{"line":176,"column":2}},"79":{"start":{"line":164,"column":4},"end":{"line":166,"column":5}},"80":{"start":{"line":165,"column":8},"end":{"line":165,"column":37}},"81":{"start":{"line":167,"column":4},"end":{"line":167,"column":21}},"82":{"start":{"line":168,"column":4},"end":{"line":171,"column":5}},"83":{"start":{"line":169,"column":8},"end":{"line":169,"column":53}},"84":{"start":{"line":170,"column":8},"end":{"line":170,"column":36}},"85":{"start":{"line":172,"column":4},"end":{"line":174,"column":5}},"86":{"start":{"line":173,"column":8},"end":{"line":173,"column":25}},"87":{"start":{"line":175,"column":4},"end":{"line":175,"column":13}},"88":{"start":{"line":178,"column":0},"end":{"line":178,"column":34}}},"branchMap":{"1":{"line":11,"type":"binary-expr","locations":[{"start":{"line":11,"column":18},"end":{"line":11,"column":25}},{"start":{"line":11,"column":29},"end":{"line":11,"column":31}}]},"2":{"line":15,"type":"binary-expr","locations":[{"start":{"line":15,"column":32},"end":{"line":15,"column":60}},{"start":{"line":15,"column":64},"end":{"line":15,"column":69}}]},"3":{"line":16,"type":"binary-expr","locations":[{"start":{"line":16,"column":30},"end":{"line":16,"column":56}},{"start":{"line":16,"column":60},"end":{"line":16,"column":65}}]},"4":{"line":17,"type":"binary-expr","locations":[{"start":{"line":17,"column":29},"end":{"line":17,"column":54}},{"start":{"line":17,"column":58},"end":{"line":17,"column":80}}]},"5":{"line":18,"type":"if","locations":[{"start":{"line":18,"column":4},"end":{"line":18,"column":4}},{"start":{"line":18,"column":4},"end":{"line":18,"column":4}}]},"6":{"line":21,"type":"if","locations":[{"start":{"line":21,"column":4},"end":{"line":21,"column":4}},{"start":{"line":21,"column":4},"end":{"line":21,"column":4}}]},"7":{"line":24,"type":"if","locations":[{"start":{"line":24,"column":4},"end":{"line":24,"column":4}},{"start":{"line":24,"column":4},"end":{"line":24,"column":4}}]},"8":{"line":27,"type":"if","locations":[{"start":{"line":27,"column":4},"end":{"line":27,"column":4}},{"start":{"line":27,"column":4},"end":{"line":27,"column":4}}]},"9":{"line":39,"type":"if","locations":[{"start":{"line":39,"column":4},"end":{"line":39,"column":4}},{"start":{"line":39,"column":4},"end":{"line":39,"column":4}}]},"10":{"line":54,"type":"if","locations":[{"start":{"line":54,"column":4},"end":{"line":54,"column":4}},{"start":{"line":54,"column":4},"end":{"line":54,"column":4}}]},"11":{"line":60,"type":"if","locations":[{"start":{"line":60,"column":4},"end":{"line":60,"column":4}},{"start":{"line":60,"column":4},"end":{"line":60,"column":4}}]},"12":{"line":67,"type":"if","locations":[{"start":{"line":67,"column":4},"end":{"line":67,"column":4}},{"start":{"line":67,"column":4},"end":{"line":67,"column":4}}]},"13":{"line":114,"type":"if","locations":[{"start":{"line":114,"column":4},"end":{"line":114,"column":4}},{"start":{"line":114,"column":4},"end":{"line":114,"column":4}}]},"14":{"line":126,"type":"if","locations":[{"start":{"line":126,"column":4},"end":{"line":126,"column":4}},{"start":{"line":126,"column":4},"end":{"line":126,"column":4}}]},"15":{"line":126,"type":"binary-expr","locations":[{"start":{"line":126,"column":8},"end":{"line":126,"column":10}},{"start":{"line":126,"column":14},"end":{"line":126,"column":27}}]},"16":{"line":129,"type":"if","locations":[{"start":{"line":129,"column":4},"end":{"line":129,"column":4}},{"start":{"line":129,"column":4},"end":{"line":129,"column":4}}]},"17":{"line":129,"type":"binary-expr","locations":[{"start":{"line":129,"column":8},"end":{"line":129,"column":26}},{"start":{"line":129,"column":30},"end":{"line":129,"column":45}}]},"18":{"line":136,"type":"if","locations":[{"start":{"line":136,"column":4},"end":{"line":136,"column":4}},{"start":{"line":136,"column":4},"end":{"line":136,"column":4}}]},"19":{"line":140,"type":"if","locations":[{"start":{"line":140,"column":12},"end":{"line":140,"column":12}},{"start":{"line":140,"column":12},"end":{"line":140,"column":12}}]},"20":{"line":140,"type":"binary-expr","locations":[{"start":{"line":140,"column":16},"end":{"line":140,"column":34}},{"start":{"line":140,"column":38},"end":{"line":140,"column":54}}]},"21":{"line":148,"type":"if","locations":[{"start":{"line":148,"column":8},"end":{"line":148,"column":8}},{"start":{"line":148,"column":8},"end":{"line":148,"column":8}}]},"22":{"line":164,"type":"if","locations":[{"start":{"line":164,"column":4},"end":{"line":164,"column":4}},{"start":{"line":164,"column":4},"end":{"line":164,"column":4}}]},"23":{"line":172,"type":"if","locations":[{"start":{"line":172,"column":4},"end":{"line":172,"column":4}},{"start":{"line":172,"column":4},"end":{"line":172,"column":4}}]}},"code":["","var Tokenizer = require('./tokenizer');","var RegExpTokenizer = require('./regexp_tokenizer');","var WordPunctTokenizer = require('./wordpunct_tokenizer');","var UrlTokenizer = require('./url_tokenizer');","var he = require('he');","var util = require('util');","var _ = require('underscore')._;","","var ArticleTokenizer = function (options) {","    var options = options || {};","    this.cleanWikiMarkup = options.cleanWikiMarkup;","    this.cleanXHTML = options.cleanHTML;","    this.decodeURLEncoded = options.decodeURLEncoded;","    this.cleanNonAlphaNumeric = options.cleanNonAlphaNumeric || false;","    this.compressWhitespace = options.compressWhitespace || false;","    this.preserveEmoticons = options.preserveEmoticons || this.preserveEmoticons;","    if (typeof this.cleanWikiMarkup === 'undefined') {","        this.cleanWikiMarkup = true;","    }","    if (typeof this.cleanXHTML === 'undefined') {","        this.cleanXHTML = true;","    }","    if (typeof this.decodeURLEncoded === 'undefined') {","        this.decodeURLEncoded = true;","    }","    if (typeof this.cleanNonAlphaNumeric === 'undefined') {","        this.cleanNonAlphaNumeric = true;","    }","};","","// Inherit from the base tokenizer","util.inherits(ArticleTokenizer, Tokenizer);","","ArticleTokenizer.prototype._initializeTokenizers = function () {","    this.tokenizer = new WordPunctTokenizer({ includeIndices: true, preserveEmoticons : this.preserveEmoticons });","    this.urlTokenizer = new UrlTokenizer({ includeIndices: true });","    this.cleanTokenizers = [];","    if (this.decodeURLEncoded) {","        // decode URL encoded characters","        this.cleanTokenizers.push(new RegExpTokenizer({","            cleanPattern: /&amp;/ig,","            replaceWith: '&'","        }));","        this.cleanTokenizers.push(new RegExpTokenizer({","            cleanPattern: /&lt;/ig,","            replaceWith: '<'","        }));","        this.cleanTokenizers.push(new RegExpTokenizer({","            cleanPattern: /&gt;/ig,","            replaceWith: '>'","        }));","    }","    if (this.cleanWikiMarkup) {","        this.cleanTokenizers.push(new RegExpTokenizer({","            cleanPattern: /<ref[^<]*<\\/ref>/ig,","            cleanTriggerChar: '<'","        }));","    }","    if (this.cleanXHTML) {","        // removes xhtml tags","        this.cleanTokenizers.push(new RegExpTokenizer({","            cleanPattern: /(<([^>]+)>)/ig,","            cleanTriggerChar: '<'","        }));","    }","    if (this.cleanWikiMarkup) {","        this.cleanTokenizers.push(new RegExpTokenizer({","            cleanPattern: /\\[http:[^] ]*/ig,","            replaceWith: '['","        }));","        this.cleanTokenizers.push(new RegExpTokenizer({","            cleanPattern: /\\|thumb/ig","        }));","        this.cleanTokenizers.push(new RegExpTokenizer({","            cleanPattern: /\\|left/ig","        }));","        this.cleanTokenizers.push(new RegExpTokenizer({","            cleanPattern: /\\|right/ig","        }));","        this.cleanTokenizers.push(new RegExpTokenizer({","            cleanPattern: /\\|\\d+px/ig","        }));","        this.cleanTokenizers.push(new RegExpTokenizer({","            cleanPattern: /\\[\\[image:[^\\[\\]]*\\|/ig","        }));","        this.cleanTokenizers.push(new RegExpTokenizer({","            cleanPattern: /\\[\\[category:([^|\\]]*)[^]]*\\]\\]/ig,","        }));","        this.cleanTokenizers.push(new RegExpTokenizer({","            cleanPattern: /\\[\\[[a-z\\-]*:[^\\]]*\\]\\]/ig","        }));","        this.cleanTokenizers.push(new RegExpTokenizer({","            cleanPattern: /\\[\\[[^\\|\\]]*\\|/ig,","            replaceWith: '[['","        }));","        this.cleanTokenizers.push(new RegExpTokenizer({","            cleanPattern: /{{[^}]*}}/ig","        }));","        this.cleanTokenizers.push(new RegExpTokenizer({","            cleanPattern: /{[^}]*}/ig","        }));","        this.cleanTokenizers.push(new RegExpTokenizer({","            cleanPattern: /\\[/ig","        }));","        this.cleanTokenizers.push(new RegExpTokenizer({","            cleanPattern: /\\]/ig","        }));","        this.cleanTokenizers.push(new RegExpTokenizer({","            cleanPattern: /&[^\\s]*;/ig,","            replaceWith: ''","        }));","    }","    if (this.cleanNonAlphaNumeric) {","        this.cleanTokenizers.push(new RegExpTokenizer({","            cleanPattern: /[^a-zA-Z0-9]/ig,","            replaceWith: ' '","        }));","    }","};","","/**"," * Tokenizes the given input"," */","ArticleTokenizer.prototype.tokenize = function (s) {","    if (!s || s.length == 0)","        return [];","","    if (!this.urlTokenizer || !this.tokenizer) {","        this._initializeTokenizers();","    }","","    var urls = this.urlTokenizer.tokenize(s);","    var tokens = [];","    var index = 0;","    if (urls.length > 0) {","        for (var i = 0; i < urls.length; i++) {","            var urlToken = urls[i];","            var indices = urlToken.indices;","            if (index < indices[0] && index < s.length) {","                var t = s.substring(index, indices[0]);","                var results = this.tokenizer.tokenize(t);","                tokens = tokens.concat(results);","            }","            tokens.push(urlToken.url);","            index = indices[1];","        }","        if (index < s.length) {","            var t = s.substring(index);","            var results = this.tokenizer.tokenize(t);","            tokens = tokens.concat(results);","        }","        return tokens;","    }","    else {","        return this.tokenizer.tokenize(s);","    }","};","","/*"," * Cleans the given input"," */","ArticleTokenizer.prototype.clean = function (s) {","    if (!this.cleanTokenizers) {","        this._initializeTokenizers();","    }","    s = he.decode(s);","    for (var i = 0; i < this.cleanTokenizers.length; i++) {","        var cleanTokenizer = this.cleanTokenizers[i];","        s = cleanTokenizer.clean(s);","    }","    if (this.compressWhitespace) {","        s = this.chop(s);","    }","    return s;","};","","module.exports = ArticleTokenizer;",""],"l":{"2":1,"3":1,"4":1,"5":1,"6":1,"7":1,"8":1,"10":1,"11":0,"12":0,"13":0,"14":0,"15":0,"16":0,"17":0,"18":0,"19":0,"21":0,"22":0,"24":0,"25":0,"27":0,"28":0,"33":1,"35":1,"36":0,"37":0,"38":0,"39":0,"41":0,"45":0,"49":0,"54":0,"55":0,"60":0,"62":0,"67":0,"68":0,"72":0,"75":0,"78":0,"81":0,"84":0,"87":0,"90":0,"93":0,"97":0,"100":0,"103":0,"106":0,"109":0,"114":0,"115":0,"125":1,"126":0,"127":0,"129":0,"130":0,"133":0,"134":0,"135":0,"136":0,"137":0,"138":0,"139":0,"140":0,"141":0,"142":0,"143":0,"145":0,"146":0,"148":0,"149":0,"150":0,"151":0,"153":0,"156":0,"163":1,"164":0,"165":0,"167":0,"168":0,"169":0,"170":0,"172":0,"173":0,"175":0,"178":1}},"/home/travis/build/npmtest/node-npmtest-salient/node_modules/salient/lib/salient/tokenizers/tokenizer.js":{"path":"/home/travis/build/npmtest/node-npmtest-salient/node_modules/salient/lib/salient/tokenizers/tokenizer.js","s":{"1":1,"2":1,"3":0,"4":0,"5":0,"6":0,"7":0,"8":1,"9":0,"10":0,"11":0,"12":1,"13":0,"14":0,"15":0,"16":1,"17":1,"18":1},"b":{"1":[0,0],"2":[0,0],"3":[0,0],"4":[0,0]},"f":{"1":0,"2":0,"3":0,"4":0,"5":0,"6":0,"7":0},"fnMap":{"1":{"name":"(anonymous_1)","line":2,"loc":{"start":{"line":2,"column":16},"end":{"line":2,"column":27}}},"2":{"name":"(anonymous_2)","line":8,"loc":{"start":{"line":8,"column":27},"end":{"line":8,"column":44}}},"3":{"name":"(anonymous_3)","line":21,"loc":{"start":{"line":21,"column":27},"end":{"line":21,"column":40}}},"4":{"name":"(anonymous_4)","line":32,"loc":{"start":{"line":32,"column":29},"end":{"line":32,"column":41}}},"5":{"name":"(anonymous_5)","line":35,"loc":{"start":{"line":35,"column":32},"end":{"line":35,"column":44}}},"6":{"name":"(anonymous_6)","line":43,"loc":{"start":{"line":43,"column":31},"end":{"line":43,"column":42}}},"7":{"name":"(anonymous_7)","line":49,"loc":{"start":{"line":49,"column":28},"end":{"line":49,"column":39}}}},"statementMap":{"1":{"start":{"line":2,"column":0},"end":{"line":3,"column":2}},"2":{"start":{"line":8,"column":0},"end":{"line":16,"column":2}},"3":{"start":{"line":9,"column":4},"end":{"line":10,"column":20}},"4":{"start":{"line":10,"column":8},"end":{"line":10,"column":20}},"5":{"start":{"line":12,"column":4},"end":{"line":13,"column":22}},"6":{"start":{"line":13,"column":8},"end":{"line":13,"column":22}},"7":{"start":{"line":15,"column":4},"end":{"line":15,"column":17}},"8":{"start":{"line":21,"column":0},"end":{"line":26,"column":2}},"9":{"start":{"line":22,"column":4},"end":{"line":23,"column":17}},"10":{"start":{"line":23,"column":8},"end":{"line":23,"column":17}},"11":{"start":{"line":25,"column":4},"end":{"line":25,"column":42}},"12":{"start":{"line":32,"column":0},"end":{"line":38,"column":2}},"13":{"start":{"line":33,"column":4},"end":{"line":33,"column":20}},"14":{"start":{"line":35,"column":4},"end":{"line":37,"column":6}},"15":{"start":{"line":36,"column":8},"end":{"line":36,"column":35}},"16":{"start":{"line":43,"column":0},"end":{"line":43,"column":45}},"17":{"start":{"line":49,"column":0},"end":{"line":49,"column":42}},"18":{"start":{"line":51,"column":0},"end":{"line":51,"column":27}}},"branchMap":{"1":{"line":9,"type":"if","locations":[{"start":{"line":9,"column":4},"end":{"line":9,"column":4}},{"start":{"line":9,"column":4},"end":{"line":9,"column":4}}]},"2":{"line":12,"type":"if","locations":[{"start":{"line":12,"column":4},"end":{"line":12,"column":4}},{"start":{"line":12,"column":4},"end":{"line":12,"column":4}}]},"3":{"line":22,"type":"if","locations":[{"start":{"line":22,"column":4},"end":{"line":22,"column":4}},{"start":{"line":22,"column":4},"end":{"line":22,"column":4}}]},"4":{"line":22,"type":"binary-expr","locations":[{"start":{"line":22,"column":8},"end":{"line":22,"column":10}},{"start":{"line":22,"column":14},"end":{"line":22,"column":27}}]}},"code":["","var Tokenizer = function() {","};","","/**"," * Default trim operation for an array of tokens."," */","Tokenizer.prototype.trim = function (array) {","    if (array[array.length - 1] == '')","        array.pop();","","    if (array[0] == '')","        array.shift();","","    return array;","};","","/**"," * Default chop operation to replace multiple spaces with 1 space."," */","Tokenizer.prototype.chop = function (s) {","    if (!s || s.length == 0)","        return s;","","    return s.replace(/\\s+/ig, ' ').trim();","};","","/**"," * Exposes an attached function that patches String with the "," * appropriate tokenize and possibly other functions."," */","Tokenizer.prototype.attach = function () {","    var self = this;","","    String.prototype.tokenize = function () {","        return self.tokenize(this);","    };","};","","/**"," * Tokenizes the given string into the appropriate form."," */","Tokenizer.prototype.tokenize = function() {};","","/*"," * Cleans the given string instead of tokenizing it by replacing "," * certain values and scrubbing of certain invalid characters."," */","Tokenizer.prototype.clean = function() {};","","module.exports = Tokenizer;",""],"l":{"2":1,"8":1,"9":0,"10":0,"12":0,"13":0,"15":0,"21":1,"22":0,"23":0,"25":0,"32":1,"33":0,"35":0,"36":0,"43":1,"49":1,"51":1}},"/home
[...]
","    // set the content of this document in redis so we can get it later","    var k_ContentId = this._fmt(CONTENT, id);","    this._client(k_ContentId).set(k_ContentId, text);","","    // set the title and link if they exist","    if (title) {","        var k_TitleId = this._fmt(TITLE, id);","        this._client(k_TitleId).set(k_TitleId, title);","    }","    if (link) {","        var k_LinkId = this._fmt(LINK, id);","        this._client(k_LinkId).set(k_LinkId, link);","    }","","    // parse the text (tokenize, tag..etc)","    var parseLoop = function (obj, contents, weight, categoryWeights) {","        obj._gloss.parse(contents);","        var current = obj._gloss.root;","        var prev = null;","        do {","            var s = current.toJSON();","            if (!s.children && !s.orig && !s.isFiltered) {","                // increment total and add/incr bidirectional edges for current node","                prev = obj._incrEdges(id, obj._fmtNode(s), prev, weight, categoryWeights);","            } else if (!s.isFiltered) {","                if (s.orig && s.children) {","                    // increment total and add bidirectional edge weight for original node","                    if (!s.orig.isFiltered) {","                        prev = obj._incrEdges(id, obj._fmtNode(s.orig), prev, weight, categoryWeights);","                    }","","                    for (var i = 0; i < s.children.length; i++) {","                        // increment total and add/incr bidirectional edges on child","                        if (!s.children[i].isFiltered) {","                            prev = obj._incrEdges(id, obj._fmtNode(s.children[i]), prev, weight, categoryWeights);","                        }","                    }","                }","            }","","            current = current.next;","        } while (current);","    };","","    var categoryWeights = {};","    if (categories) {","        var prev = null;","        for (var i = 0; i < categories.length; i++) {","            var category = categories[i];","            if (category && category.length > 0) {","                category = category.toLowerCase();","                category = category.replace(/'s/g, \"s\").replace(/\\s+/g, \"_\");","                categoryWeights[category] = 1;","            }","        }","    }","    if (title) {","        parseLoop(this, title, title && text ? 10 : 2, categoryWeights);","    }","    if (text) {","        parseLoop(this, text, 1, categoryWeights);","    }","","    if (this._multi) {","        this._multi.exec();","        delete this._multi;","    }","};","","DocumentGraph.prototype._computeTermWeights = function (ids, term, callback) {","    var self = this;","    async.every(ids, function (id, cb) {","        self._computeWeights(id, [term], cb);","    }, callback);","};","","// _computeWeights will ensure that all provided terms have their tfidf computed ","// with respect to the given document identifier before returning to callback.","DocumentGraph.prototype._computeWeights = function (id, terms, callback) {","    // compute the tfidf for all terms in this document","    var self = this;","    var k_WeightId = self._fmt(WEIGHT, id);","    var rClient = self._client(k_WeightId);","    async.every(terms, function (term, cb) {","        self.TFIDF(id, term, function (err, result) {","            if (err) {","                cb(false);","            } else {","                var k_WeightTerm = self._fmt(WEIGHT, term);","                var r2Client = self._client(k_WeightTerm);","                rClient.zadd(k_WeightId, result.tfidf, term, function (err, success) {","                    r2Client.zadd(k_WeightTerm, result.tfidf, id, function (err, success) {","                        cb(success);","                    });","                });","            }","        });","    }, callback);","};","","// Ensures that all documents in the database are indexed for tfidf weights","DocumentGraph.prototype.indexAllWeights = function (progress, callback) {","    var self = this;","    var k_DocTermStar = this._fmt(DOC_TERM, \"*\");","    var handleResults = function (err, keys) {","        var iter = 0;","        async.eachLimit(keys, 8, function (item, cb) {","            var id = item.slice((self._fmt(DOC_TERM) + \":\").length, item.length);","            self.indexWeights(id, function (success) {","                iter++;","                progress({ total: keys.length, count: iter, percent: Math.round((iter / keys.length) * 100.0) });","                cb(null);","            });","        }, function () {","            callback({total: keys.length, count: iter});","        });","    }","","    if (this._redisCluster) {","        this._redisCluster.execAll('keys', [k_DocTermStar], function (err, clusterResults) {","            var keys = [];","            if (clusterResults) {","                for (var c in clusterResults) {","                    var ckeys = clusterResults[c];","                    for (var i = 0; i < ckeys.length; i++) {","                        keys.push(ckeys[i]);","                    }","                }","            }","","            handleResults(err, keys);","        });","    } else {","        this._client(k_DocTermStar).keys(k_DocTermStar, handleResults);","    }","};","","DocumentGraph.prototype.indexSimilarDocuments = function (threshold, progress, callback) {","    var self = this;","    var k_DocTermStar = this._fmt(DOC_TERM, \"*\");","    var handleResults = function (err, keys) {","        var lengthSlice = self._fmt(DOC_TERM).length + 1;","        var iter = 0;","        var total = keys.length * keys.length;","        async.eachLimit(keys, 8, function (idi, cbi) {","            var docid1 = idi.slice(lengthSlice, idi.length);","            var docidResults = [self._fmt(DOC_SIM, docid1)];","            async.eachLimit(keys, 8, function (idk, cbk) {","                iter++;","                var docid2 = idk.slice(lengthSlice, idk.length);","                if (docid1 == docid2) {","                    cbk();","                } else {","                    self.CosineSimilarity(docid1, docid2, function (err, distance) {","                        progress({ total: total, count: iter, percent: Math.round((iter / total) * 100.0) });","                        if (distance > threshold) {","                            self._redisClient.zadd(self._fmt(DOC_SIM, docid1), distance, docid2, function () {","                                cbk();","                            });","                        } else {","                            cbk();","                        }","                    });","                }","            }, function (err) {","                cbi();","            });","        }, function (err) {","            callback({ total: total, count: iter });","        });","    };","","    if (this._redisCluster) {","        this._redisCluster.execAll('keys', [k_DocTermStar], function (err, clusterResults) {","            var keys = [];","            if (clusterResults) {","                for (var c in clusterResults) {","                    var ckeys = clusterResults[c];","                    for (var i = 0; i < ckeys.length; i++) {","                        keys.push(ckeys[i]);","                    }","                }","            }","","            handleResults(err, keys);","        });","    } else {","        this._client(k_DocTermStar).keys(k_DocTermStar, handleResults);","    }","};","","// Ensures that all terms in the given document id are indexed and computed for tfidf","DocumentGraph.prototype.indexWeights = function (id, callback) {","    var self = this;","    var k_DocTermId = this._fmt(DOC_TERM, id);","    this._client(k_DocTermId).zrevrange(k_DocTermId, 0, -1, function (err, keys) {","        if (!keys) {","            callback(false);","            return;","        }","","        self._computeWeights(id, keys, callback);","    });","};","","DocumentGraph.prototype._isIdFiltered = function (filterPrefixes, id) {","    var isFiltered = false;","    if (filterPrefixes && filterPrefixes.length > 0) {","        isFiltered = true;","        for (var i = 0; i < filterPrefixes.length; i++) {","            var prefix = filterPrefixes[i];","            if (id.indexOf(prefix) >= 0) {","                isFiltered = false;","                break;","            }","        }","    }","    return isFiltered;","};","","DocumentGraph.prototype._cosineFilter = function (prefix, filterPrefixes, id1, id2, callback) {","    var self = this;","    var id1_scores = {};","    var id2_scores = {};","    var ids = [];","    var k_PrefixId1 = self._fmt(prefix, id1);","    var k_PrefixId2 = self._fmt(prefix, id2);","    self._client(k_PrefixId1).zrevrange(k_PrefixId1, 0, -1, 'WITHSCORES', function (err, id1_results) {","        if (err) {","            callback(err, null);","            return;","        }","","        self._client(k_PrefixId2).zrevrange(k_PrefixId2, 0, -1, 'WITHSCORES', function (err, id2_results) {","            if (err) {","                callback(err, null);","                return;","            }","","            var id1_sum = 0;","            while (id1_results.length) {","                var id = id1_results.shift().toString();","                var score = parseInt(id1_results.shift());","                if (prefix == TERM_CONTEXT && self._totalTerms) {","                    score = (score / self._totalTerms);","                }","                if (!self._isIdFiltered(filterPrefixes, id)) {","                    id1_scores[id] = score;","                    if (ids.indexOf(id) < 0) {","                        ids.push(id);","                    }","","                    id1_sum += (score * score);","                }","            }","","            var id2_sum = 0;","            while (id2_results.length) {","                var id = id2_results.shift().toString();","                var score = parseInt(id2_results.shift());","                if (prefix == TERM_CONTEXT && self._totalTerms) {","                    score = (score / self._totalTerms);","                }","                if (!self._isIdFiltered(filterPrefixes, id)) {","                    id2_scores[id] = score;","                    if (ids.indexOf(id) < 0) {","                        ids.push(id);","                    }","","                    id2_sum += (score * score);","                }","            }","","            var dotsum = 0;","            for (var i = 0; i < ids.length; i++) {","                var id = ids[i];","                if (id1_scores.hasOwnProperty(id) && id2_scores.hasOwnProperty(id)) {","                    dotsum += (id1_scores[id] * id2_scores[id]);","                }","            }","","            var magnitude = (Math.sqrt(id1_sum) * Math.sqrt(id2_sum));","            var sim = dotsum / magnitude;","            callback(null, sim);","            return;","        });","    });","};","","// Measures the cosine similarity between two different documents by ","// looking up all the features (concepts only) of a given document id, ","// and for each edge, we will compute them as weighted features.","DocumentGraph.prototype.CosineConceptSimilarity = function (id1, id2, callback) {","    this._cosineFilter(WEIGHT, ['noun','adj','adv'], id1, id2, callback);","};","","// Measures the cosine similarity between two different documents by ","// looking up all the features that represent a given document id, ","// and for each edge, we will compute them as weighted features.","DocumentGraph.prototype.CosineSimilarity = function (id1, id2, callback) {","    this._cosineFilter(WEIGHT, null, id1, id2, callback);","};","","DocumentGraph.prototype.CosineContextSimilarity = function (term1, term2, callback) {","    if (!this._totalTerms) {","        var self = this;","        this._client(this._k_TotalTerms).get(this._k_TotalTerms, function (err, result) {","            if (err) {","                callback(err, null);","                return;","            }","            self._totalTerms = result;","            self._cosineFilter(TERM_CONTEXT, null, term1, term2, callback);","        });","    } else {","        this._cosineFilter(TERM_CONTEXT, null, term1, term2, callback);","    }","};","","// TFIDF will return the term frequency - inverse-document frequency of the ","// given arguments. Should the document id be passed in as well, then we will get ","// the tf-idf relative to the given document. Otherwise, we will return the aggregate","// on the given term itself.","DocumentGraph.prototype.TFIDF = function (id, key, callback) {","    // Ensure that we can overload for ('text here', function (err, result)...)","    if (!callback && typeof text == 'function') {","        callback = text;","        text = id;","        id = undefined;","    }","","    // Get the total frequency of the given term","    var k_TotalKey = this._fmt(TOTAL, key);","","    // Executes and handles results returned from the multi redis command below","    var execResults = function(err, results) {","        if (err) {","            callback(err);","            return;","        }","        ","        var keyFrequency = parseInt(results[0]);","        var docFrequency = parseInt(results[1]);","        var keyDocFrequency = results[2];","","        // ensure that key frequency is relative to the given document (when appropriate)","        if (id && results.length == 4) {","            keyFrequency = parseInt(results[3]);","        }","        var tf = 1 + (Math.log(keyFrequency) / Math.LN10);","        var idf = Math.log(docFrequency / keyDocFrequency) / Math.LN10;","","        var result = {};","        result.key = key;","        result.rawtf = keyFrequency;","        result.df = keyDocFrequency;","        result.n = docFrequency;","        result.idf = idf;","        result.tf = tf;","        result.tfidf = tf * idf;","        callback(null, result);","    };","","    if (this._redisCluster) {","        var keys = [this._k_Total, k_TotalKey, this._fmt(TERM_DOC, key)];","        if (id) {","            keys.push(this._fmt(DOC_TERM, id));","        }","","        // map the above keys to the various redis functions according to a clustered set of clients","        var maps = [];","        for (var i = 0; i < keys.length; i++) {","            var k = this._client(keys[i]);","            if (i == 0 || i == 1) {","                maps[i] = [k, 'get', [keys[i]]];","            } else if (i == 2) {","                maps[i] = [k, 'zcard', [keys[i]]];","            } else {","                maps[i] = [k, 'zscore', [keys[i], key]];","            }","        }","","        // Perform the operation as a map-invoke operation set","        async.map(maps, function (item, clusterCallback) {","            item[0].send_command(item[1], item[2], clusterCallback);","        }, execResults);","    }","    else if (id) {","        this._redisClient.multi()","            .get(this._k_Total).get(k_TotalKey).zcard(this._fmt(TERM_DOC, key)).zscore(this._fmt(DOC_TERM, id), key)","            .exec(execResults);","    } else {","        this._redisClient.multi()","            .get(this._k_Total).get(k_TotalKey).zcard(this._fmt(TERM_DOC, key))","            .exec(execResults);","    }","};","","module.exports = DocumentGraph;",""],"l":{"2":1,"6":1,"12":1,"21":1,"22":1,"23":1,"24":1,"25":1,"27":1,"28":1,"30":1,"31":1,"32":1,"33":1,"34":1,"36":1,"37":1,"38":1,"39":1,"45":1,"46":0,"47":0,"51":0,"52":0,"53":0,"54":0,"55":0,"56":0,"57":0,"58":0,"59":0,"61":0,"62":0,"64":0,"66":0,"68":0,"70":0,"71":0,"72":0,"75":0,"76":0,"79":1,"80":0,"81":0,"82":0,"84":0,"85":0,"86":0,"87":0,"88":0,"89":0,"92":0,"95":1,"96":0,"97":0,"98":0,"99":0,"101":0,"104":1,"105":0,"112":1,"114":0,"115":0,"117":0,"118":0,"121":0,"122":0,"126":0,"127":0,"128":0,"129":0,"135":0,"136":0,"137":0,"138":0,"139":0,"140":0,"141":0,"143":0,"144":0,"145":0,"146":0,"154":0,"155":0,"156":0,"157":0,"158":0,"161":0,"167":1,"168":0,"169":0,"170":0,"171":0,"172":0,"173":0,"174":0,"175":0,"176":0,"177":0,"178":0,"179":0,"180":0,"181":0,"185":0,"188":0,"189":0,"190":0,"191":0,"194":0,"198":0,"201":0,"202":0,"203":0,"204":0,"205":0,"207":0,"208":0,"209":0,"210":0,"211":0,"212":0,"214":0,"215":0,"216":0,"217":0,"220":0,"221":0,"222":0,"223":0,"224":0,"225":0,"226":0,"227":0,"229":0,"231":0,"232":0,"238":0,"239":0,"240":0,"241":0,"242":0,"243":0,"246":0,"247":0,"248":0,"249":0,"250":0,"254":0,"255":0,"256":0,"257":0,"259":0,"263":0,"264":0,"266":0,"267":0,"268":0,"270":0,"274":0,"275":0,"276":0,"279":0,"280":0,"281":0,"282":0,"283":0,"285":0,"286":0,"287":0,"289":0,"290":0,"291":0,"292":0,"294":0,"295":0,"299":0,"303":0,"306":0,"307":0,"308":0,"309":0,"311":0,"312":0,"314":0,"318":0,"325":0,"326":0,"327":0,"328":0,"330":0,"339":1,"340":0,"341":0,"342":0,"343":0,"344":0,"347":0,"348":0,"349":0,"350":0,"352":0,"353":0,"354":0,"355":0,"356":0,"358":0,"362":0,"370":1,"372":0,"375":0,"376":0,"379":0,"380":0,"381":0,"383":0,"384":0,"385":0,"389":0,"390":0,"391":0,"392":0,"393":0,"394":0,"395":0,"397":0,"398":0,"399":0,"401":0,"402":0,"405":0,"407":0,"408":0,"414":0,"418":0,"419":0,"420":0,"421":0,"422":0,"423":0,"424":0,"425":0,"426":0,"430":0,"431":0,"433":0,"434":0,"437":0,"438":0,"439":0,"443":1,"444":0,"445":0,"446":0,"452":1,"454":0,"455":0,"456":0,"457":0,"458":0,"459":0,"460":0,"462":0,"463":0,"464":0,"465":0,"466":0,"475":1,"476":0,"477":0,"478":0,"479":0,"480":0,"481":0,"482":0,"483":0,"484":0,"485":0,"488":0,"492":0,"493":0,"494":0,"495":0,"496":0,"497":0,"498":0,"499":0,"504":0,"507":0,"511":1,"512":0,"513":0,"514":0,"515":0,"516":0,"517":0,"518":0,"519":0,"520":0,"521":0,"522":0,"523":0,"524":0,"525":0,"527":0,"528":0,"529":0,"530":0,"531":0,"534":0,"539":0,"542":0,"546":0,"547":0,"548":0,"549":0,"550":0,"551":0,"552":0,"553":0,"558":0,"561":0,"566":1,"567":0,"568":0,"569":0,"570":0,"571":0,"572":0,"575":0,"579":1,"580":0,"581":0,"582":0,"583":0,"584":0,"585":0,"586":0,"587":0,"591":0,"594":1,"595":0,"596":0,"597":0,"598":0,"599":0,"600":0,"601":0,"602":0,"603":0,"604":0,"607":0,"608":0,"609":0,"610":0,"613":0,"614":0,"615":0,"616":0,"617":0,"618":0,"620":0,"621":0,"622":0,"623":0,"626":0,"630":0,"631":0,"632":0,"633":0,"634":0,"635":0,"637":0,"638":0,"639":0,"640":0,"643":0,"647":0,"648":0,"649":0,"650":0,"651":0,"655":0,"656":0,"657":0,"658":0,"666":1,"667":0,"673":1,"674":0,"677":1,"678":0,"679":0,"680":0,"681":0,"682":0,"683":0,"685":0,"686":0,"689":0,"697":1,"699":0,"700":0,"701":0,"702":0,"706":0,"709":0,"710":0,"711":0,"712":0,"715":0,"716":0,"717":0,"720":0,"721":0,"723":0,"724":0,"726":0,"727":0,"728":0,"729":0,"730":0,"731":0,"732":0,"733":0,"734":0,"737":0,"738":0,"739":0,"740":0,"744":0,"745":0,"746":0,"747":0,"748":0,"749":0,"750":0,"752":0,"757":0,"758":0,"761":0,"762":0,"766":0,"772":1}},"/home/travis/build/npmtest/node-npmtest-salient/node_modules/salient/lib/salient/object.js":{"path":"/home/travis/build/npmtest/node-npmtest-salient/node_modules/salient/lib/salient/object.js","s":{"1":1,"2":0,"3":0,"4":0,"5":0,"6":0,"7":0},"b":{},"f":{"1":0},"fnMap":{"1":{"name":"(anonymous_1)","line":2,"loc":{"start":{"line":2,"column":17},"end":{"line":2,"column":46}}}},"statementMap":{"1":{"start":{"line":2,"column":0},"end":{"line":7,"column":2}},"2":{"start":{"line":3,"column":4},"end":{"line":3,"column":20}},"3":{"start":{"line":4,"column":4},"end":{"line":4,"column":65}},"4":{"start":{"line":4,"column":33},"end":{"line":4,"column":63}},"5":{"start":{"line":5,"column":4},"end":{"line":5,"column":63}},"6":{"start":{"line":5,"column":32},"end":{"line":5,"column":61}},"7":{"start":{"line":6,"column":4},"end":{"line":6,"column":18}}},"branchMap":{},"code":["","exports.extend = function (defaults, options) {","    var runner = {};","    for (var attr in defaults) { runner[attr] = defaults[attr]; }","    for (var attr in options) { runner[attr] = options[attr]; }","    return runner;","};",""],"l":{"2":1,"3":0,"4":0,"5":0,"6":0}}}